






Started logging.

<<<
Content-Length: 3206

{"jsonrpc":"2.0","id":0,"method":"initialize","params":{"processId":2708,"clientInfo":{"name":"vscode","version":"1.50.0"},"rootPath":"c:\\Users\\vantr\\AppData\\Local\\Temp\\.arduinoIDE-unsaved2021211-7092-1oxrxdk.4089\\sketch_mar11a","rootUri":"file:///c%3A/Users/vantr/AppData/Local/Temp/.arduinoIDE-unsaved2021211-7092-1oxrxdk.4089/sketch_mar11a","capabilities":{"workspace":{"applyEdit":true,"workspaceEdit":{"documentChanges":true,"resourceOperations":["create","rename","delete"],"failureHandling":"textOnlyTransactional"},"didChangeConfiguration":{"dynamicRegistration":true},"didChangeWatchedFiles":{"dynamicRegistration":true},"symbol":{"dynamicRegistration":true,"symbolKind":{"valueSet":[1,2,3,4,5,6,7,8,9,10,11,12,13,14,15,16,17,18,19,20,21,22,23,24,25,26]}},"executeCommand":{"dynamicRegistration":true},"configuration":true,"workspaceFolders":true},"textDocument":{"publishDiagnostics":{"relatedInformation":true,"versionSupport":false,"tagSupport":{"valueSet":[1,2]}},"synchronization":{"dynamicRegistration":true,"willSave":true,"willSaveWaitUntil":true,"didSave":true},"completion":{"dynamicRegistration":true,"contextSupport":true,"completionItem":{"snippetSupport":true,"commitCharactersSupport":true,"documentationFormat":["markdown","plaintext"],"deprecatedSupport":true,"preselectSupport":true,"tagSupport":{"valueSet":[1]}},"completionItemKind":{"valueSet":[1,2,3,4,5,6,7,8,9,10,11,12,13,14,15,16,17,18,19,20,21,22,23,24,25]}},"hover":{"dynamicRegistration":true,"contentFormat":["markdown","plaintext"]},"signatureHelp":{"dynamicRegistration":true,"signatureInformation":{"documentationFormat":["markdown","plaintext"],"parameterInformation":{"labelOffsetSupport":true}},"contextSupport":true},"definition":{"dynamicRegistration":true,"linkSupport":true},"references":{"dynamicRegistration":true},"documentHighlight":{"dynamicRegistration":true},"documentSymbol":{"dynamicRegistration":true,"symbolKind":{"valueSet":[1,2,3,4,5,6,7,8,9,10,11,12,13,14,15,16,17,18,19,20,21,22,23,24,25,26]},"hierarchicalDocumentSymbolSupport":true},"codeAction":{"dynamicRegistration":true,"isPreferredSupport":true,"codeActionLiteralSupport":{"codeActionKind":{"valueSet":["","quickfix","refactor","refactor.extract","refactor.inline","refactor.rewrite","source","source.organizeImports"]}}},"codeLens":{"dynamicRegistration":true},"formatting":{"dynamicRegistration":true},"rangeFormatting":{"dynamicRegistration":true},"onTypeFormatting":{"dynamicRegistration":true},"rename":{"dynamicRegistration":true,"prepareSupport":true},"documentLink":{"dynamicRegistration":true,"tooltipSupport":true},"typeDefinition":{"dynamicRegistration":true,"linkSupport":true},"implementation":{"dynamicRegistration":true,"linkSupport":true},"colorProvider":{"dynamicRegistration":true},"foldingRange":{"dynamicRegistration":true,"rangeLimit":5000,"lineFoldingOnly":true},"declaration":{"dynamicRegistration":true,"linkSupport":true},"selectionRange":{"dynamicRegistration":true}},"window":{"workDoneProgress":true}},"initializationOptions":{},"trace":"off","workspaceFolders":[{"uri":"file:///c%3A/Users/vantr/AppData/Local/Temp/.arduinoIDE-unsaved2021211-7092-1oxrxdk.4089/sketch_mar11a","name":"sketch_mar11a"}]}}
>>>
Content-Length: 598

{"id":0,"result":{"capabilities":{"textDocumentSync":2,"hoverProvider":true,"completionProvider":{"triggerCharacters":[".","\u003e",":"]},"signatureHelpProvider":{"triggerCharacters":["(",","]},"definitionProvider":true,"documentHighlightProvider":true,"documentSymbolProvider":true,"workspaceSymbolProvider":true,"codeActionProvider":true,"documentFormattingProvider":true,"documentRangeFormattingProvider":true,"documentOnTypeFormattingProvider":{"firstTriggerCharacter":"\n"},"renameProvider":false,"executeCommandProvider":{"commands":["clangd.applyFix","clangd.applyTweak"]}}},"jsonrpc":"2.0"}
<<<
Content-Length: 52

{"jsonrpc":"2.0","method":"initialized","params":{}}Content-Length: 493

{"jsonrpc":"2.0","method":"textDocument/didOpen","params":{"textDocument":{"uri":"file:///c%3A/Users/vantr/AppData/Local/Temp/.arduinoIDE-unsaved2021211-7092-1oxrxdk.4089/sketch_mar11a/sketch_mar11a.ino","languageId":"cpp","version":119,"text":"void setup() {\n  // put your setup code here, to run once:\n  pinMode(16, OUTPUT);\n}\n\nvoid loop() {\n  // put your main code here, to run repeatedly:\n  digitalWrite(16, LOW);\n  delay(1000);\n  digitalWrite(16, HIGHT);\n  delay(1000);\n}\n"}}}Content-Length: 323

{"jsonrpc":"2.0","id":1,"method":"textDocument/codeAction","params":{"textDocument":{"uri":"file:///c%3A/Users/vantr/AppData/Local/Temp/.arduinoIDE-unsaved2021211-7092-1oxrxdk.4089/sketch_mar11a/sketch_mar11a.ino"},"range":{"start":{"line":10,"character":14},"end":{"line":10,"character":14}},"context":{"diagnostics":[]}}}
>>>
Content-Length: 111

{"method":"window/workDoneProgress/create","params":{"token":"backgroundIndexProgress"},"id":0,"jsonrpc":"2.0"}Content-Length: 36

{"id":1,"result":[],"jsonrpc":"2.0"}
<<<
Content-Length: 38

{"jsonrpc":"2.0","id":0,"result":null}
>>>
Content-Length: 143

{"method":"$/progress","params":{"token":"backgroundIndexProgress","value":{"title":"indexing","percentage":0,"kind":"begin"}},"jsonrpc":"2.0"}Content-Length: 158

{"method":"$/progress","params":{"token":"backgroundIndexProgress","value":{"message":"3/71","percentage":4.225352112676056,"kind":"report"}},"jsonrpc":"2.0"}Content-Length: 401

{"method":"textDocument/publishDiagnostics","params":{"uri":"file:///c%3A/Users/vantr/AppData/Local/Temp/.arduinoIDE-unsaved2021211-7092-1oxrxdk.4089/sketch_mar11a/sketch_mar11a.ino","diagnostics":[{"range":{"start":{"line":9,"character":19},"end":{"line":9,"character":24}},"severity":1,"code":"undeclared_var_use","source":"clang","message":"Use of undeclared identifier 'HIGHT'"}]},"jsonrpc":"2.0"}
<<<
Content-Length: 323

{"jsonrpc":"2.0","id":2,"method":"textDocument/codeAction","params":{"textDocument":{"uri":"file:///c%3A/Users/vantr/AppData/Local/Temp/.arduinoIDE-unsaved2021211-7092-1oxrxdk.4089/sketch_mar11a/sketch_mar11a.ino"},"range":{"start":{"line":10,"character":14},"end":{"line":10,"character":14}},"context":{"diagnostics":[]}}}
>>>
Content-Length: 36

{"id":2,"result":[],"jsonrpc":"2.0"}Content-Length: 158

{"method":"$/progress","params":{"token":"backgroundIndexProgress","value":{"message":"4/71","percentage":5.633802816901408,"kind":"report"}},"jsonrpc":"2.0"}Content-Length: 158

{"method":"$/progress","params":{"token":"backgroundIndexProgress","value":{"message":"4/71","percentage":5.633802816901408,"kind":"report"}},"jsonrpc":"2.0"}Content-Length: 158

{"method":"$/progress","params":{"token":"backgroundIndexProgress","value":{"message":"5/71","percentage":7.042253521126761,"kind":"report"}},"jsonrpc":"2.0"}Content-Length: 158

{"method":"$/progress","params":{"token":"backgroundIndexProgress","value":{"message":"5/71","percentage":7.042253521126761,"kind":"report"}},"jsonrpc":"2.0"}Content-Length: 158

{"method":"$/progress","params":{"token":"backgroundIndexProgress","value":{"message":"6/71","percentage":8.450704225352112,"kind":"report"}},"jsonrpc":"2.0"}Content-Length: 158

{"method":"$/progress","params":{"token":"backgroundIndexProgress","value":{"message":"6/71","percentage":8.450704225352112,"kind":"report"}},"jsonrpc":"2.0"}Content-Length: 158

{"method":"$/progress","params":{"token":"backgroundIndexProgress","value":{"message":"7/71","percentage":9.859154929577464,"kind":"report"}},"jsonrpc":"2.0"}Content-Length: 158

{"method":"$/progress","params":{"token":"backgroundIndexProgress","value":{"message":"7/71","percentage":9.859154929577464,"kind":"report"}},"jsonrpc":"2.0"}Content-Length: 159

{"method":"$/progress","params":{"token":"backgroundIndexProgress","value":{"message":"8/71","percentage":11.267605633802816,"kind":"report"}},"jsonrpc":"2.0"}Content-Length: 159

{"method":"$/progress","params":{"token":"backgroundIndexProgress","value":{"message":"8/71","percentage":11.267605633802816,"kind":"report"}},"jsonrpc":"2.0"}Content-Length: 158

{"method":"$/progress","params":{"token":"backgroundIndexProgress","value":{"message":"9/71","percentage":12.67605633802817,"kind":"report"}},"jsonrpc":"2.0"}Content-Length: 158

{"method":"$/progress","params":{"token":"backgroundIndexProgress","value":{"message":"9/71","percentage":12.67605633802817,"kind":"report"}},"jsonrpc":"2.0"}Content-Length: 160

{"method":"$/progress","params":{"token":"backgroundIndexProgress","value":{"message":"10/71","percentage":14.084507042253522,"kind":"report"}},"jsonrpc":"2.0"}Content-Length: 160

{"method":"$/progress","params":{"token":"backgroundIndexProgress","value":{"message":"10/71","percentage":14.084507042253522,"kind":"report"}},"jsonrpc":"2.0"}Content-Length: 160

{"method":"$/progress","params":{"token":"backgroundIndexProgress","value":{"message":"11/71","percentage":15.492957746478874,"kind":"report"}},"jsonrpc":"2.0"}Content-Length: 160

{"method":"$/progress","params":{"token":"backgroundIndexProgress","value":{"message":"11/71","percentage":15.492957746478874,"kind":"report"}},"jsonrpc":"2.0"}Content-Length: 160

{"method":"$/progress","params":{"token":"backgroundIndexProgress","value":{"message":"12/71","percentage":16.901408450704224,"kind":"report"}},"jsonrpc":"2.0"}Content-Length: 160

{"method":"$/progress","params":{"token":"backgroundIndexProgress","value":{"message":"12/71","percentage":16.901408450704224,"kind":"report"}},"jsonrpc":"2.0"}Content-Length: 160

{"method":"$/progress","params":{"token":"backgroundIndexProgress","value":{"message":"13/71","percentage":18.309859154929576,"kind":"report"}},"jsonrpc":"2.0"}Content-Length: 160

{"method":"$/progress","params":{"token":"backgroundIndexProgress","value":{"message":"13/71","percentage":18.309859154929576,"kind":"report"}},"jsonrpc":"2.0"}Content-Length: 160

{"method":"$/progress","params":{"token":"backgroundIndexProgress","value":{"message":"14/71","percentage":19.718309859154928,"kind":"report"}},"jsonrpc":"2.0"}Content-Length: 160

{"method":"$/progress","params":{"token":"backgroundIndexProgress","value":{"message":"14/71","percentage":19.718309859154928,"kind":"report"}},"jsonrpc":"2.0"}Content-Length: 159

{"method":"$/progress","params":{"token":"backgroundIndexProgress","value":{"message":"15/71","percentage":21.12676056338028,"kind":"report"}},"jsonrpc":"2.0"}Content-Length: 159

{"method":"$/progress","params":{"token":"backgroundIndexProgress","value":{"message":"15/71","percentage":21.12676056338028,"kind":"report"}},"jsonrpc":"2.0"}Content-Length: 160

{"method":"$/progress","params":{"token":"backgroundIndexProgress","value":{"message":"16/71","percentage":22.535211267605632,"kind":"report"}},"jsonrpc":"2.0"}Content-Length: 160

{"method":"$/progress","params":{"token":"backgroundIndexProgress","value":{"message":"16/71","percentage":22.535211267605632,"kind":"report"}},"jsonrpc":"2.0"}Content-Length: 160

{"method":"$/progress","params":{"token":"backgroundIndexProgress","value":{"message":"17/71","percentage":23.943661971830984,"kind":"report"}},"jsonrpc":"2.0"}Content-Length: 160

{"method":"$/progress","params":{"token":"backgroundIndexProgress","value":{"message":"17/71","percentage":23.943661971830984,"kind":"report"}},"jsonrpc":"2.0"}Content-Length: 159

{"method":"$/progress","params":{"token":"backgroundIndexProgress","value":{"message":"18/71","percentage":25.35211267605634,"kind":"report"}},"jsonrpc":"2.0"}Content-Length: 159

{"method":"$/progress","params":{"token":"backgroundIndexProgress","value":{"message":"18/71","percentage":25.35211267605634,"kind":"report"}},"jsonrpc":"2.0"}Content-Length: 160

{"method":"$/progress","params":{"token":"backgroundIndexProgress","value":{"message":"19/71","percentage":26.760563380281692,"kind":"report"}},"jsonrpc":"2.0"}Content-Length: 160

{"method":"$/progress","params":{"token":"backgroundIndexProgress","value":{"message":"19/71","percentage":26.760563380281692,"kind":"report"}},"jsonrpc":"2.0"}Content-Length: 160

{"method":"$/progress","params":{"token":"backgroundIndexProgress","value":{"message":"20/71","percentage":28.169014084507044,"kind":"report"}},"jsonrpc":"2.0"}Content-Length: 160

{"method":"$/progress","params":{"token":"backgroundIndexProgress","value":{"message":"20/71","percentage":28.169014084507044,"kind":"report"}},"jsonrpc":"2.0"}Content-Length: 160

{"method":"$/progress","params":{"token":"backgroundIndexProgress","value":{"message":"21/71","percentage":29.577464788732396,"kind":"report"}},"jsonrpc":"2.0"}Content-Length: 160

{"method":"$/progress","params":{"token":"backgroundIndexProgress","value":{"message":"21/71","percentage":29.577464788732396,"kind":"report"}},"jsonrpc":"2.0"}Content-Length: 160

{"method":"$/progress","params":{"token":"backgroundIndexProgress","value":{"message":"22/71","percentage":30.985915492957748,"kind":"report"}},"jsonrpc":"2.0"}Content-Length: 160

{"method":"$/progress","params":{"token":"backgroundIndexProgress","value":{"message":"22/71","percentage":30.985915492957748,"kind":"report"}},"jsonrpc":"2.0"}Content-Length: 160

{"method":"$/progress","params":{"token":"backgroundIndexProgress","value":{"message":"23/71","percentage":32.394366197183096,"kind":"report"}},"jsonrpc":"2.0"}Content-Length: 160

{"method":"$/progress","params":{"token":"backgroundIndexProgress","value":{"message":"23/71","percentage":32.394366197183096,"kind":"report"}},"jsonrpc":"2.0"}Content-Length: 159

{"method":"$/progress","params":{"token":"backgroundIndexProgress","value":{"message":"24/71","percentage":33.80281690140845,"kind":"report"}},"jsonrpc":"2.0"}Content-Length: 159

{"method":"$/progress","params":{"token":"backgroundIndexProgress","value":{"message":"24/71","percentage":33.80281690140845,"kind":"report"}},"jsonrpc":"2.0"}Content-Length: 158

{"method":"$/progress","params":{"token":"backgroundIndexProgress","value":{"message":"25/71","percentage":35.2112676056338,"kind":"report"}},"jsonrpc":"2.0"}Content-Length: 158

{"method":"$/progress","params":{"token":"backgroundIndexProgress","value":{"message":"25/71","percentage":35.2112676056338,"kind":"report"}},"jsonrpc":"2.0"}Content-Length: 159

{"method":"$/progress","params":{"token":"backgroundIndexProgress","value":{"message":"26/71","percentage":36.61971830985915,"kind":"report"}},"jsonrpc":"2.0"}Content-Length: 159

{"method":"$/progress","params":{"token":"backgroundIndexProgress","value":{"message":"26/71","percentage":36.61971830985915,"kind":"report"}},"jsonrpc":"2.0"}Content-Length: 160

{"method":"$/progress","params":{"token":"backgroundIndexProgress","value":{"message":"27/71","percentage":38.028169014084504,"kind":"report"}},"jsonrpc":"2.0"}Content-Length: 160

{"method":"$/progress","params":{"token":"backgroundIndexProgress","value":{"message":"27/71","percentage":38.028169014084504,"kind":"report"}},"jsonrpc":"2.0"}Content-Length: 160

{"method":"$/progress","params":{"token":"backgroundIndexProgress","value":{"message":"28/71","percentage":39.436619718309856,"kind":"report"}},"jsonrpc":"2.0"}Content-Length: 160

{"method":"$/progress","params":{"token":"backgroundIndexProgress","value":{"message":"28/71","percentage":39.436619718309856,"kind":"report"}},"jsonrpc":"2.0"}Content-Length: 159

{"method":"$/progress","params":{"token":"backgroundIndexProgress","value":{"message":"29/71","percentage":40.84507042253521,"kind":"report"}},"jsonrpc":"2.0"}Content-Length: 159

{"method":"$/progress","params":{"token":"backgroundIndexProgress","value":{"message":"29/71","percentage":40.84507042253521,"kind":"report"}},"jsonrpc":"2.0"}Content-Length: 159

{"method":"$/progress","params":{"token":"backgroundIndexProgress","value":{"message":"30/71","percentage":42.25352112676056,"kind":"report"}},"jsonrpc":"2.0"}Content-Length: 159

{"method":"$/progress","params":{"token":"backgroundIndexProgress","value":{"message":"30/71","percentage":42.25352112676056,"kind":"report"}},"jsonrpc":"2.0"}Content-Length: 159

{"method":"$/progress","params":{"token":"backgroundIndexProgress","value":{"message":"31/71","percentage":43.66197183098591,"kind":"report"}},"jsonrpc":"2.0"}Content-Length: 159

{"method":"$/progress","params":{"token":"backgroundIndexProgress","value":{"message":"31/71","percentage":43.66197183098591,"kind":"report"}},"jsonrpc":"2.0"}Content-Length: 160

{"method":"$/progress","params":{"token":"backgroundIndexProgress","value":{"message":"32/71","percentage":45.070422535211264,"kind":"report"}},"jsonrpc":"2.0"}Content-Length: 160

{"method":"$/progress","params":{"token":"backgroundIndexProgress","value":{"message":"32/71","percentage":45.070422535211264,"kind":"report"}},"jsonrpc":"2.0"}Content-Length: 160

{"method":"$/progress","params":{"token":"backgroundIndexProgress","value":{"message":"33/71","percentage":46.478873239436616,"kind":"report"}},"jsonrpc":"2.0"}Content-Length: 159

{"method":"$/progress","params":{"token":"backgroundIndexProgress","value":{"message":"34/71","percentage":47.88732394366197,"kind":"report"}},"jsonrpc":"2.0"}Content-Length: 159

{"method":"$/progress","params":{"token":"backgroundIndexProgress","value":{"message":"34/71","percentage":47.88732394366197,"kind":"report"}},"jsonrpc":"2.0"}Content-Length: 159

{"method":"$/progress","params":{"token":"backgroundIndexProgress","value":{"message":"35/71","percentage":49.29577464788732,"kind":"report"}},"jsonrpc":"2.0"}Content-Length: 159

{"method":"$/progress","params":{"token":"backgroundIndexProgress","value":{"message":"35/71","percentage":49.29577464788732,"kind":"report"}},"jsonrpc":"2.0"}Content-Length: 159

{"method":"$/progress","params":{"token":"backgroundIndexProgress","value":{"message":"36/71","percentage":50.70422535211268,"kind":"report"}},"jsonrpc":"2.0"}Content-Length: 159

{"method":"$/progress","params":{"token":"backgroundIndexProgress","value":{"message":"36/71","percentage":50.70422535211268,"kind":"report"}},"jsonrpc":"2.0"}Content-Length: 159

{"method":"$/progress","params":{"token":"backgroundIndexProgress","value":{"message":"37/71","percentage":52.11267605633803,"kind":"report"}},"jsonrpc":"2.0"}Content-Length: 159

{"method":"$/progress","params":{"token":"backgroundIndexProgress","value":{"message":"37/71","percentage":52.11267605633803,"kind":"report"}},"jsonrpc":"2.0"}Content-Length: 160

{"method":"$/progress","params":{"token":"backgroundIndexProgress","value":{"message":"38/71","percentage":53.521126760563384,"kind":"report"}},"jsonrpc":"2.0"}Content-Length: 160

{"method":"$/progress","params":{"token":"backgroundIndexProgress","value":{"message":"38/71","percentage":53.521126760563384,"kind":"report"}},"jsonrpc":"2.0"}Content-Length: 160

{"method":"$/progress","params":{"token":"backgroundIndexProgress","value":{"message":"39/71","percentage":54.929577464788736,"kind":"report"}},"jsonrpc":"2.0"}Content-Length: 160

{"method":"$/progress","params":{"token":"backgroundIndexProgress","value":{"message":"39/71","percentage":54.929577464788736,"kind":"report"}},"jsonrpc":"2.0"}Content-Length: 159

{"method":"$/progress","params":{"token":"backgroundIndexProgress","value":{"message":"40/71","percentage":56.33802816901409,"kind":"report"}},"jsonrpc":"2.0"}Content-Length: 159

{"method":"$/progress","params":{"token":"backgroundIndexProgress","value":{"message":"40/71","percentage":56.33802816901409,"kind":"report"}},"jsonrpc":"2.0"}Content-Length: 159

{"method":"$/progress","params":{"token":"backgroundIndexProgress","value":{"message":"41/71","percentage":57.74647887323944,"kind":"report"}},"jsonrpc":"2.0"}Content-Length: 159

{"method":"$/progress","params":{"token":"backgroundIndexProgress","value":{"message":"41/71","percentage":57.74647887323944,"kind":"report"}},"jsonrpc":"2.0"}Content-Length: 159

{"method":"$/progress","params":{"token":"backgroundIndexProgress","value":{"message":"42/71","percentage":59.15492957746479,"kind":"report"}},"jsonrpc":"2.0"}Content-Length: 159

{"method":"$/progress","params":{"token":"backgroundIndexProgress","value":{"message":"42/71","percentage":59.15492957746479,"kind":"report"}},"jsonrpc":"2.0"}Content-Length: 160

{"method":"$/progress","params":{"token":"backgroundIndexProgress","value":{"message":"43/71","percentage":60.563380281690144,"kind":"report"}},"jsonrpc":"2.0"}Content-Length: 160

{"method":"$/progress","params":{"token":"backgroundIndexProgress","value":{"message":"43/71","percentage":60.563380281690144,"kind":"report"}},"jsonrpc":"2.0"}Content-Length: 160

{"method":"$/progress","params":{"token":"backgroundIndexProgress","value":{"message":"44/71","percentage":61.971830985915496,"kind":"report"}},"jsonrpc":"2.0"}Content-Length: 160

{"method":"$/progress","params":{"token":"backgroundIndexProgress","value":{"message":"44/71","percentage":61.971830985915496,"kind":"report"}},"jsonrpc":"2.0"}Content-Length: 159

{"method":"$/progress","params":{"token":"backgroundIndexProgress","value":{"message":"45/71","percentage":63.38028169014085,"kind":"report"}},"jsonrpc":"2.0"}Content-Length: 159

{"method":"$/progress","params":{"token":"backgroundIndexProgress","value":{"message":"46/71","percentage":64.78873239436619,"kind":"report"}},"jsonrpc":"2.0"}Content-Length: 159

{"method":"$/progress","params":{"token":"backgroundIndexProgress","value":{"message":"46/71","percentage":64.78873239436619,"kind":"report"}},"jsonrpc":"2.0"}Content-Length: 159

{"method":"$/progress","params":{"token":"backgroundIndexProgress","value":{"message":"47/71","percentage":66.19718309859155,"kind":"report"}},"jsonrpc":"2.0"}Content-Length: 159

{"method":"$/progress","params":{"token":"backgroundIndexProgress","value":{"message":"47/71","percentage":66.19718309859155,"kind":"report"}},"jsonrpc":"2.0"}Content-Length: 158

{"method":"$/progress","params":{"token":"backgroundIndexProgress","value":{"message":"48/71","percentage":67.6056338028169,"kind":"report"}},"jsonrpc":"2.0"}Content-Length: 159

{"method":"$/progress","params":{"token":"backgroundIndexProgress","value":{"message":"49/71","percentage":69.01408450704226,"kind":"report"}},"jsonrpc":"2.0"}Content-Length: 159

{"method":"$/progress","params":{"token":"backgroundIndexProgress","value":{"message":"49/71","percentage":69.01408450704226,"kind":"report"}},"jsonrpc":"2.0"}Content-Length: 158

{"method":"$/progress","params":{"token":"backgroundIndexProgress","value":{"message":"50/71","percentage":70.4225352112676,"kind":"report"}},"jsonrpc":"2.0"}Content-Length: 158

{"method":"$/progress","params":{"token":"backgroundIndexProgress","value":{"message":"50/71","percentage":70.4225352112676,"kind":"report"}},"jsonrpc":"2.0"}Content-Length: 159

{"method":"$/progress","params":{"token":"backgroundIndexProgress","value":{"message":"51/71","percentage":71.83098591549296,"kind":"report"}},"jsonrpc":"2.0"}Content-Length: 159

{"method":"$/progress","params":{"token":"backgroundIndexProgress","value":{"message":"51/71","percentage":71.83098591549296,"kind":"report"}},"jsonrpc":"2.0"}Content-Length: 158

{"method":"$/progress","params":{"token":"backgroundIndexProgress","value":{"message":"52/71","percentage":73.2394366197183,"kind":"report"}},"jsonrpc":"2.0"}Content-Length: 159

{"method":"$/progress","params":{"token":"backgroundIndexProgress","value":{"message":"53/71","percentage":74.64788732394366,"kind":"report"}},"jsonrpc":"2.0"}Content-Length: 159

{"method":"$/progress","params":{"token":"backgroundIndexProgress","value":{"message":"53/71","percentage":74.64788732394366,"kind":"report"}},"jsonrpc":"2.0"}Content-Length: 159

{"method":"$/progress","params":{"token":"backgroundIndexProgress","value":{"message":"54/71","percentage":76.05633802816901,"kind":"report"}},"jsonrpc":"2.0"}Content-Length: 159

{"method":"$/progress","params":{"token":"backgroundIndexProgress","value":{"message":"54/71","percentage":76.05633802816901,"kind":"report"}},"jsonrpc":"2.0"}Content-Length: 159

{"method":"$/progress","params":{"token":"backgroundIndexProgress","value":{"message":"55/71","percentage":77.46478873239437,"kind":"report"}},"jsonrpc":"2.0"}Content-Length: 159

{"method":"$/progress","params":{"token":"backgroundIndexProgress","value":{"message":"55/71","percentage":77.46478873239437,"kind":"report"}},"jsonrpc":"2.0"}Content-Length: 159

{"method":"$/progress","params":{"token":"backgroundIndexProgress","value":{"message":"56/71","percentage":78.87323943661971,"kind":"report"}},"jsonrpc":"2.0"}Content-Length: 159

{"method":"$/progress","params":{"token":"backgroundIndexProgress","value":{"message":"56/71","percentage":78.87323943661971,"kind":"report"}},"jsonrpc":"2.0"}Content-Length: 159

{"method":"$/progress","params":{"token":"backgroundIndexProgress","value":{"message":"57/71","percentage":80.28169014084507,"kind":"report"}},"jsonrpc":"2.0"}Content-Length: 159

{"method":"$/progress","params":{"token":"backgroundIndexProgress","value":{"message":"58/71","percentage":81.69014084507042,"kind":"report"}},"jsonrpc":"2.0"}Content-Length: 159

{"method":"$/progress","params":{"token":"backgroundIndexProgress","value":{"message":"58/71","percentage":81.69014084507042,"kind":"report"}},"jsonrpc":"2.0"}Content-Length: 159

{"method":"$/progress","params":{"token":"backgroundIndexProgress","value":{"message":"59/71","percentage":83.09859154929578,"kind":"report"}},"jsonrpc":"2.0"}Content-Length: 159

{"method":"$/progress","params":{"token":"backgroundIndexProgress","value":{"message":"59/71","percentage":83.09859154929578,"kind":"report"}},"jsonrpc":"2.0"}Content-Length: 159

{"method":"$/progress","params":{"token":"backgroundIndexProgress","value":{"message":"60/71","percentage":84.50704225352112,"kind":"report"}},"jsonrpc":"2.0"}Content-Length: 159

{"method":"$/progress","params":{"token":"backgroundIndexProgress","value":{"message":"60/71","percentage":84.50704225352112,"kind":"report"}},"jsonrpc":"2.0"}Content-Length: 159

{"method":"$/progress","params":{"token":"backgroundIndexProgress","value":{"message":"61/71","percentage":85.91549295774648,"kind":"report"}},"jsonrpc":"2.0"}Content-Length: 159

{"method":"$/progress","params":{"token":"backgroundIndexProgress","value":{"message":"61/71","percentage":85.91549295774648,"kind":"report"}},"jsonrpc":"2.0"}Content-Length: 159

{"method":"$/progress","params":{"token":"backgroundIndexProgress","value":{"message":"62/71","percentage":87.32394366197182,"kind":"report"}},"jsonrpc":"2.0"}Content-Length: 159

{"method":"$/progress","params":{"token":"backgroundIndexProgress","value":{"message":"62/71","percentage":87.32394366197182,"kind":"report"}},"jsonrpc":"2.0"}Content-Length: 159

{"method":"$/progress","params":{"token":"backgroundIndexProgress","value":{"message":"63/71","percentage":88.73239436619718,"kind":"report"}},"jsonrpc":"2.0"}Content-Length: 159

{"method":"$/progress","params":{"token":"backgroundIndexProgress","value":{"message":"63/71","percentage":88.73239436619718,"kind":"report"}},"jsonrpc":"2.0"}Content-Length: 159

{"method":"$/progress","params":{"token":"backgroundIndexProgress","value":{"message":"64/71","percentage":90.14084507042253,"kind":"report"}},"jsonrpc":"2.0"}Content-Length: 159

{"method":"$/progress","params":{"token":"backgroundIndexProgress","value":{"message":"64/71","percentage":90.14084507042253,"kind":"report"}},"jsonrpc":"2.0"}Content-Length: 159

{"method":"$/progress","params":{"token":"backgroundIndexProgress","value":{"message":"65/71","percentage":91.54929577464789,"kind":"report"}},"jsonrpc":"2.0"}Content-Length: 159

{"method":"$/progress","params":{"token":"backgroundIndexProgress","value":{"message":"65/71","percentage":91.54929577464789,"kind":"report"}},"jsonrpc":"2.0"}Content-Length: 159

{"method":"$/progress","params":{"token":"backgroundIndexProgress","value":{"message":"66/71","percentage":92.95774647887323,"kind":"report"}},"jsonrpc":"2.0"}Content-Length: 159

{"method":"$/progress","params":{"token":"backgroundIndexProgress","value":{"message":"66/71","percentage":92.95774647887323,"kind":"report"}},"jsonrpc":"2.0"}Content-Length: 159

{"method":"$/progress","params":{"token":"backgroundIndexProgress","value":{"message":"67/71","percentage":94.36619718309859,"kind":"report"}},"jsonrpc":"2.0"}Content-Length: 159

{"method":"$/progress","params":{"token":"backgroundIndexProgress","value":{"message":"67/71","percentage":94.36619718309859,"kind":"report"}},"jsonrpc":"2.0"}Content-Length: 159

{"method":"$/progress","params":{"token":"backgroundIndexProgress","value":{"message":"68/71","percentage":95.77464788732394,"kind":"report"}},"jsonrpc":"2.0"}Content-Length: 158

{"method":"$/progress","params":{"token":"backgroundIndexProgress","value":{"message":"69/71","percentage":97.1830985915493,"kind":"report"}},"jsonrpc":"2.0"}Content-Length: 159

{"method":"$/progress","params":{"token":"backgroundIndexProgress","value":{"message":"70/71","percentage":98.59154929577464,"kind":"report"}},"jsonrpc":"2.0"}Content-Length: 107

{"method":"$/progress","params":{"token":"backgroundIndexProgress","value":{"kind":"end"}},"jsonrpc":"2.0"}
<<<
Content-Length: 247

{"jsonrpc":"2.0","id":3,"method":"textDocument/hover","params":{"textDocument":{"uri":"file:///c%3A/Users/vantr/AppData/Local/Temp/.arduinoIDE-unsaved2021211-7092-1oxrxdk.4089/sketch_mar11a/sketch_mar11a.ino"},"position":{"line":7,"character":4}}}
>>>
Content-Length: 318

{"id":3,"result":{"contents":{"kind":"markdown","value":"### function `digitalWrite`  \n\n---\n→ `void`  \nParameters:  \n- `uint8_t pin`\n- `uint8_t val`\n\n---\n```cpp\nvoid digitalWrite(uint8_t pin, uint8_t val)\n```"},"range":{"start":{"line":14,"character":2},"end":{"line":14,"character":14}}},"jsonrpc":"2.0"}
<<<
Content-Length: 248

{"jsonrpc":"2.0","id":4,"method":"textDocument/hover","params":{"textDocument":{"uri":"file:///c%3A/Users/vantr/AppData/Local/Temp/.arduinoIDE-unsaved2021211-7092-1oxrxdk.4089/sketch_mar11a/sketch_mar11a.ino"},"position":{"line":9,"character":23}}}
>>>
Content-Length: 38

{"id":4,"result":null,"jsonrpc":"2.0"}
<<<
Content-Length: 525

{"jsonrpc":"2.0","id":5,"method":"textDocument/codeAction","params":{"textDocument":{"uri":"file:///c%3A/Users/vantr/AppData/Local/Temp/.arduinoIDE-unsaved2021211-7092-1oxrxdk.4089/sketch_mar11a/sketch_mar11a.ino"},"range":{"start":{"line":9,"character":19},"end":{"line":9,"character":24}},"context":{"diagnostics":[{"range":{"start":{"line":9,"character":19},"end":{"line":9,"character":24}},"message":"Use of undeclared identifier 'HIGHT'","severity":1,"code":"undeclared_var_use","source":"clang"}],"only":["quickfix"]}}}
>>>
Content-Length: 437

{"id":5,"result":[{"title":"Extract subexpression to variable","kind":"refactor","command":{"title":"Extract subexpression to variable","command":"clangd.applyTweak","arguments":[{"tweakID":"ExtractVariable","file":"file:///C:/Users/vantr/AppData/Local/Temp/.arduinoIDE-unsaved2021211-7092-1oxrxdk.4089/sketch_mar11a/sketch_mar11a.ino","selection":{"start":{"line":9,"character":19},"end":{"line":9,"character":24}}}]}}],"jsonrpc":"2.0"}
<<<
Content-Length: 260

{"jsonrpc":"2.0","id":6,"method":"textDocument/documentHighlight","params":{"textDocument":{"uri":"file:///c%3A/Users/vantr/AppData/Local/Temp/.arduinoIDE-unsaved2021211-7092-1oxrxdk.4089/sketch_mar11a/sketch_mar11a.ino"},"position":{"line":9,"character":24}}}
>>>
Content-Length: 36

{"id":6,"result":[],"jsonrpc":"2.0"}
<<<
Content-Length: 505

{"jsonrpc":"2.0","id":7,"method":"textDocument/codeAction","params":{"textDocument":{"uri":"file:///c%3A/Users/vantr/AppData/Local/Temp/.arduinoIDE-unsaved2021211-7092-1oxrxdk.4089/sketch_mar11a/sketch_mar11a.ino"},"range":{"start":{"line":9,"character":24},"end":{"line":9,"character":24}},"context":{"diagnostics":[{"range":{"start":{"line":9,"character":19},"end":{"line":9,"character":24}},"message":"Use of undeclared identifier 'HIGHT'","severity":1,"code":"undeclared_var_use","source":"clang"}]}}}
>>>
Content-Length: 36

{"id":7,"result":[],"jsonrpc":"2.0"}
<<<
Content-Length: 345

{"jsonrpc":"2.0","method":"textDocument/didChange","params":{"textDocument":{"uri":"file:///c%3A/Users/vantr/AppData/Local/Temp/.arduinoIDE-unsaved2021211-7092-1oxrxdk.4089/sketch_mar11a/sketch_mar11a.ino","version":120},"contentChanges":[{"range":{"start":{"line":9,"character":23},"end":{"line":9,"character":24}},"rangeLength":1,"text":""}]}}Content-Length: 505

{"jsonrpc":"2.0","id":8,"method":"textDocument/codeAction","params":{"textDocument":{"uri":"file:///c%3A/Users/vantr/AppData/Local/Temp/.arduinoIDE-unsaved2021211-7092-1oxrxdk.4089/sketch_mar11a/sketch_mar11a.ino"},"range":{"start":{"line":9,"character":23},"end":{"line":9,"character":23}},"context":{"diagnostics":[{"range":{"start":{"line":9,"character":19},"end":{"line":9,"character":24}},"message":"Use of undeclared identifier 'HIGHT'","severity":1,"code":"undeclared_var_use","source":"clang"}]}}}
>>>
Content-Length: 392

{"id":8,"result":[{"title":"Expand macro 'HIGH'","kind":"refactor","command":{"title":"Expand macro 'HIGH'","command":"clangd.applyTweak","arguments":[{"tweakID":"ExpandMacro","file":"file:///C:/Users/vantr/AppData/Local/Temp/arduino-language-server996753751/sketch/sketch_mar11a.ino.cpp","selection":{"start":{"line":16,"character":23},"end":{"line":16,"character":23}}}]}}],"jsonrpc":"2.0"}Content-Length: 217

{"method":"textDocument/publishDiagnostics","params":{"uri":"file:///c%3A/Users/vantr/AppData/Local/Temp/.arduinoIDE-unsaved2021211-7092-1oxrxdk.4089/sketch_mar11a/sketch_mar11a.ino","diagnostics":[]},"jsonrpc":"2.0"}
<<<
Content-Length: 321

{"jsonrpc":"2.0","id":9,"method":"textDocument/codeAction","params":{"textDocument":{"uri":"file:///c%3A/Users/vantr/AppData/Local/Temp/.arduinoIDE-unsaved2021211-7092-1oxrxdk.4089/sketch_mar11a/sketch_mar11a.ino"},"range":{"start":{"line":9,"character":23},"end":{"line":9,"character":23}},"context":{"diagnostics":[]}}}
>>>
Content-Length: 392

{"id":9,"result":[{"title":"Expand macro 'HIGH'","kind":"refactor","command":{"title":"Expand macro 'HIGH'","command":"clangd.applyTweak","arguments":[{"tweakID":"ExpandMacro","file":"file:///C:/Users/vantr/AppData/Local/Temp/arduino-language-server996753751/sketch/sketch_mar11a.ino.cpp","selection":{"start":{"line":16,"character":23},"end":{"line":16,"character":23}}}]}}],"jsonrpc":"2.0"}
<<<
Content-Length: 220

{"jsonrpc":"2.0","method":"textDocument/didSave","params":{"textDocument":{"uri":"file:///c%3A/Users/vantr/AppData/Local/Temp/.arduinoIDE-unsaved2021211-7092-1oxrxdk.4089/sketch_mar11a/sketch_mar11a.ino","version":120}}}
>>>
Content-Length: 116

{"method":"window/workDoneProgress/create","params":{"token":"arduinoLanguageServerRebuild"},"id":1,"jsonrpc":"2.0"}
<<<
Content-Length: 38

{"jsonrpc":"2.0","id":1,"result":null}
>>>
Content-Length: 140

{"method":"$/progress","params":{"token":"arduinoLanguageServerRebuild","value":{"title":"Building sketch","kind":"begin"}},"jsonrpc":"2.0"}Content-Length: 138

{"method":"$/progress","params":{"token":"arduinoLanguageServerRebuild","value":{"message":"compiling.","kind":"report"}},"jsonrpc":"2.0"}Content-Length: 139

{"method":"$/progress","params":{"token":"arduinoLanguageServerRebuild","value":{"message":"compiling..","kind":"report"}},"jsonrpc":"2.0"}Content-Length: 140

{"method":"$/progress","params":{"token":"arduinoLanguageServerRebuild","value":{"message":"compiling...","kind":"report"}},"jsonrpc":"2.0"}Content-Length: 138

{"method":"$/progress","params":{"token":"arduinoLanguageServerRebuild","value":{"message":"compiling.","kind":"report"}},"jsonrpc":"2.0"}Content-Length: 129

{"method":"$/progress","params":{"token":"arduinoLanguageServerRebuild","value":{"message":"done","kind":"end"}},"jsonrpc":"2.0"}
<<<
Content-Length: 248

{"jsonrpc":"2.0","id":10,"method":"textDocument/hover","params":{"textDocument":{"uri":"file:///c%3A/Users/vantr/AppData/Local/Temp/.arduinoIDE-unsaved2021211-7092-1oxrxdk.4089/sketch_mar11a/sketch_mar11a.ino"},"position":{"line":4,"character":0}}}
>>>
Content-Length: 39

{"id":10,"result":null,"jsonrpc":"2.0"}
<<<
Content-Length: 220

{"jsonrpc":"2.0","method":"textDocument/didSave","params":{"textDocument":{"uri":"file:///c%3A/Users/vantr/AppData/Local/Temp/.arduinoIDE-unsaved2021211-7092-1oxrxdk.4089/sketch_mar11a/sketch_mar11a.ino","version":120}}}