






Started logging.
2021/03/11 20:28:42 logging to c:\Users\vantr\AppData\Local\Temp\.arduinoIDE-unsaved2021211-7092-1oxrxdk.4089\sketch_mar11a\inols.log
2021/03/11 20:28:42 Initial board configuration: {"NodeMCU 1.0 (ESP-12E Module)" esp8266:esp8266:nodemcuv2}
2021/03/11 20:28:42 Language server build path: C:\Users\vantr\AppData\Local\Temp\arduino-language-server996753751
2021/03/11 20:28:42 Language server build sketch root: C:\Users\vantr\AppData\Local\Temp\arduino-language-server996753751\sketch
2021/03/11 20:28:42 [92mIDE --> LS     CL: REQUEST initialize 0: [0m
2021/03/11 20:28:42 IDE --> initialize 0 [93m locked[0m
2021/03/11 20:28:42 IDE --> initialize 0 [93m unlocked[0m
2021/03/11 20:28:42 INIT--- initializing workbench
2021/03/11 20:28:42 INIT--- [93m locked[0m
2021/03/11 20:28:42     --> initialize(file:///c%3A/Users/vantr/AppData/Local/Temp/.arduinoIDE-unsaved2021211-7092-1oxrxdk.4089/sketch_mar11a)
2021/03/11 20:28:42 [91mIDE <-- LS     CL: ANSWER UNBOUND (0): [0m
2021/03/11 20:28:42 [92mIDE --> LS     CL: NOTIFICATION initialized: [0m
2021/03/11 20:28:42 running:  c:\Users\vantr\AppData\Local\Programs\Arduino IDE\resources\app\node_modules\arduino-ide-extension\build\arduino-cli.exe compile --fqbn esp8266:esp8266:nodemcuv2 --only-compilation-database --clean --source-override C:\Users\vantr\AppData\Local\Temp\828680394 --build-path C:\Users\vantr\AppData\Local\Temp\arduino-language-server996753751 --format json C:\Users\vantr\AppData\Local\Temp\.arduinoIDE-unsaved2021211-7092-1oxrxdk.4089\sketch_mar11a
2021/03/11 20:28:44 arduino-cli output: {
  "compiler_out": "",
  "compiler_err": "",
  "builder_result": {
    "build_path": "C:\\Users\\vantr\\AppData\\Local\\Temp\\arduino-language-server996753751"
  },
  "success": true
}

2021/03/11 20:28:44 running:  c:\Users\vantr\AppData\Local\Programs\Arduino IDE\resources\app\node_modules\arduino-ide-extension\build\arduino-cli.exe config dump --format json
2021/03/11 20:28:44 Arduino Data Dir ->  C:\Users\vantr\AppData\Local\Arduino15
2021/03/11 20:28:44     Starting clangd: c:\Users\vantr\AppData\Local\Programs\Arduino IDE\resources\app\node_modules\arduino-ide-extension\build\bin\clangd.exe -log=verbose --compile-commands-dir=C:\Users\vantr\AppData\Local\Temp\arduino-language-server996753751 -query-driver=C:\Users\vantr\AppData\Local\Arduino15\packages\**
2021/03/11 20:28:44 logging to c:\Users\vantr\AppData\Local\Temp\.arduinoIDE-unsaved2021211-7092-1oxrxdk.4089\sketch_mar11a\inols-clangd.log
2021/03/11 20:28:44 logging to c:\Users\vantr\AppData\Local\Temp\.arduinoIDE-unsaved2021211-7092-1oxrxdk.4089\sketch_mar11a\inols-clangd-err.log
2021/03/11 20:28:44 [91mIDE     LS --> CL: REQUEST initialize 0: [0m
2021/03/11 20:28:44 [92mIDE     LS <-- CL: ANSWER initialize 0 (0): [0m
2021/03/11 20:28:44 [91mIDE     LS --> CL: NOTIFICATION initialized: [0m
2021/03/11 20:28:44 INIT--- initializing workbench (done)
2021/03/11 20:28:44 INIT--- [93m unlocked[0m
2021/03/11 20:28:44 IDE --> initialized notif1 [93m read-locked[0m
2021/03/11 20:28:44 IDE --> initialized notif1 notification is not propagated to clangd
2021/03/11 20:28:44 IDE --> initialized notif1 [93m read-unlocked[0m
2021/03/11 20:28:44 [92mIDE --> LS     CL: NOTIFICATION textDocument/didOpen: [0m
2021/03/11 20:28:44 IDE --> textDocument/didOpen notif2 [93m locked[0m
2021/03/11 20:28:44 IDE --> textDocument/didOpen notif2 (file:///c%3A/Users/vantr/AppData/Local/Temp/.arduinoIDE-unsaved2021211-7092-1oxrxdk.4089/sketch_mar11a/sketch_mar11a.ino@119 as 'cpp')
2021/03/11 20:28:44     increasing .ino tracked files count: 1
2021/03/11 20:28:44 IDE --> textDocument/didOpen notif2 to clang: didOpen(file:///C:/Users/vantr/AppData/Local/Temp/arduino-language-server996753751/sketch/sketch_mar11a.ino.cpp@1 as 'cpp')
2021/03/11 20:28:44 IDE --> textDocument/didOpen notif2 sent to Clang
2021/03/11 20:28:44 [91mIDE     LS --> CL: NOTIFICATION textDocument/didOpen: [0m
2021/03/11 20:28:44 IDE --> textDocument/didOpen notif2 Queued resfreshing document symbols
2021/03/11 20:28:44 IDE --> textDocument/didOpen notif2 [93m unlocked[0m
2021/03/11 20:28:44 SYLD--- [93m read-locked[0m
2021/03/11 20:28:44 [92mIDE --> LS     CL: REQUEST textDocument/codeAction 1: [0m
2021/03/11 20:28:44 SYLD--- requesting documentSymbol for file:///C:/Users/vantr/AppData/Local/Temp/arduino-language-server996753751/sketch/sketch_mar11a.ino.cpp
2021/03/11 20:28:44 SYLD--- [93m read-unlocked[0m
2021/03/11 20:28:44 [91mIDE     LS --> CL: REQUEST textDocument/documentSymbol 1: [0m
2021/03/11 20:28:44 IDE --> textDocument/codeAction 1 [93m read-locked[0m
2021/03/11 20:28:44 --> codeAction(file:///c%3A/Users/vantr/AppData/Local/Temp/.arduinoIDE-unsaved2021211-7092-1oxrxdk.4089/sketch_mar11a/sketch_mar11a.ino:10:14)
2021/03/11 20:28:44     --> codeAction(file:///C:/Users/vantr/AppData/Local/Temp/arduino-language-server996753751/sketch/sketch_mar11a.ino.cpp:17:14)
2021/03/11 20:28:44 IDE --> textDocument/codeAction 1 sent to Clang
2021/03/11 20:28:44 [91mIDE     LS --> CL: REQUEST textDocument/codeAction 2: [0m
2021/03/11 20:28:44 [92mIDE     LS <-- CL: REQUEST window/workDoneProgress/create 0: [0m
2021/03/11 20:28:44 [91mIDE     LS --> CL: ANSWER UNBOUND (0): [0m
2021/03/11 20:28:44 [92mIDE     LS <-- CL: NOTIFICATION $/progress: TOKEN=backgroundIndexProgress BEGIN indexing [0m
2021/03/11 20:28:44 [92mIDE     LS <-- CL: NOTIFICATION $/progress: TOKEN=backgroundIndexProgress REPORT 0/1 0%[0m
2021/03/11 20:28:44 [91mIDE <-- LS     CL: REQUEST window/workDoneProgress/create 0: [0m
2021/03/11 20:28:44 [92mIDE     LS <-- CL: NOTIFICATION $/progress: TOKEN=backgroundIndexProgress REPORT 0/71 0%[0m
2021/03/11 20:28:44 [92mIDE     LS <-- CL: NOTIFICATION $/progress: TOKEN=backgroundIndexProgress REPORT 0/71 0%[0m
2021/03/11 20:28:44 [92mIDE     LS <-- CL: NOTIFICATION $/progress: TOKEN=backgroundIndexProgress REPORT 0/71 0%[0m
2021/03/11 20:28:44 [92mIDE     LS <-- CL: NOTIFICATION $/progress: TOKEN=backgroundIndexProgress REPORT 0/71 0%[0m
2021/03/11 20:28:44 [92mIDE     LS <-- CL: NOTIFICATION $/progress: TOKEN=backgroundIndexProgress REPORT 1/71 1.408450704225352%[0m
2021/03/11 20:28:44 [92mIDE     LS <-- CL: NOTIFICATION $/progress: TOKEN=backgroundIndexProgress REPORT 1/71 1.408450704225352%[0m
2021/03/11 20:28:44 [92mIDE     LS <-- CL: NOTIFICATION $/progress: TOKEN=backgroundIndexProgress REPORT 2/71 2.816901408450704%[0m
2021/03/11 20:28:44 [92mIDE     LS <-- CL: NOTIFICATION $/progress: TOKEN=backgroundIndexProgress REPORT 2/71 2.816901408450704%[0m
2021/03/11 20:28:44 [92mIDE     LS <-- CL: NOTIFICATION $/progress: TOKEN=backgroundIndexProgress REPORT 3/71 4.225352112676056%[0m
2021/03/11 20:28:44 [92mIDE     LS <-- CL: NOTIFICATION $/progress: TOKEN=backgroundIndexProgress REPORT 3/71 4.225352112676056%[0m
2021/03/11 20:28:45 [92mIDE     LS <-- CL: NOTIFICATION textDocument/publishDiagnostics: [0m
2021/03/11 20:28:45 CLG <-- textDocument/publishDiagnostics notif13 (queued)
2021/03/11 20:28:45 CLG <-- textDocument/publishDiagnostics notif13 [93m read-locked[0m
2021/03/11 20:28:45 CLG <-- textDocument/publishDiagnostics notif13 (running)
2021/03/11 20:28:45 CLG <-- textDocument/publishDiagnostics notif13 publishDiagnostics(file:///C:/Users/vantr/AppData/Local/Temp/arduino-language-server996753751/sketch/sketch_mar11a.ino.cpp):
2021/03/11 20:28:45 CLG <-- textDocument/publishDiagnostics notif13 > 0:0 - 1: drv_unknown_argument_with_suggestion
2021/03/11 20:28:45 CLG <-- textDocument/publishDiagnostics notif13 > 0:0 - 1: drv_unknown_argument
2021/03/11 20:28:45 CLG <-- textDocument/publishDiagnostics notif13 > 0:9 - 1: unknown_typename
2021/03/11 20:28:45 CLG <-- textDocument/publishDiagnostics notif13 > 16:19 - 1: undeclared_var_use
2021/03/11 20:28:45 [92mIDE     LS <-- CL: ANSWER textDocument/documentSymbol 1 (1): [0m
2021/03/11 20:28:45 SYLD--- [93m read-locked[0m
2021/03/11 20:28:45 SYLD---    symbol: Function setup 3:0-3:12
2021/03/11 20:28:45 SYLD---             > void setup()
2021/03/11 20:28:45 SYLD---    symbol: Function loop 5:0-5:11
2021/03/11 20:28:45 SYLD---             > void loop()
2021/03/11 20:28:45 SYLD---    symbol: Function setup 7:0-10:1
2021/03/11 20:28:45 SYLD---      TRIMMED> void setup() 
2021/03/11 20:28:45 SYLD---    symbol: Function loop 12:0-18:1
2021/03/11 20:28:45 SYLD---      TRIMMED> void loop() 
2021/03/11 20:28:45 SYLD--- [93m read-unlocked[0m
2021/03/11 20:28:45 SYLD--- (done)
2021/03/11 20:28:45 [92mIDE     LS <-- CL: ANSWER textDocument/codeAction 2 (2): [0m
2021/03/11 20:28:45     URI: converted 0:0-0:0 to /not-ino:0:0-0:0
2021/03/11 20:28:45     URI: converted 0:0-0:0 to /not-ino:0:0-0:0
2021/03/11 20:28:45     <-- codeAction(0 elements)
2021/03/11 20:28:45 <-- codeAction(0 elements)
2021/03/11 20:28:45 IDE --> textDocument/codeAction 1 [93m read-unlocked[0m
2021/03/11 20:28:45 [91mIDE <-- LS     CL: ANSWER UNBOUND (1): [0m
2021/03/11 20:28:45 [92mIDE --> LS     CL: ANSWER window/workDoneProgress/create 0 (0): [0m
2021/03/11 20:28:45     URI: converted 0:9-0:10 to /not-ino:0:9-0:10
2021/03/11 20:28:45 [91mIDE <-- LS     CL: NOTIFICATION $/progress: TOKEN=backgroundIndexProgress BEGIN indexing [0m
2021/03/11 20:28:45 [91mIDE <-- LS     CL: NOTIFICATION $/progress: TOKEN=backgroundIndexProgress REPORT 3/71 4.225352112676056%[0m
2021/03/11 20:28:45     URI: converted 16:19-16:24 to C:\Users\vantr\AppData\Local\Temp\.arduinoIDE-unsaved2021211-7092-1oxrxdk.4089\sketch_mar11a\sketch_mar11a.ino:9:19-9:24
2021/03/11 20:28:45 CLG <-- textDocument/publishDiagnostics notif13 to IDE: publishDiagnostics(file:///c%3A/Users/vantr/AppData/Local/Temp/.arduinoIDE-unsaved2021211-7092-1oxrxdk.4089/sketch_mar11a/sketch_mar11a.ino):
2021/03/11 20:28:45 CLG <-- textDocument/publishDiagnostics notif13 > 9:19 - 1: undeclared_var_use
2021/03/11 20:28:45 [91mIDE <-- LS     CL: NOTIFICATION textDocument/publishDiagnostics: [0m
2021/03/11 20:28:45 CLG <-- textDocument/publishDiagnostics notif13 [93m read-unlocked[0m
2021/03/11 20:28:45 [92mIDE --> LS     CL: REQUEST textDocument/codeAction 2: [0m
2021/03/11 20:28:45 IDE --> textDocument/codeAction 2 [93m read-locked[0m
2021/03/11 20:28:45 --> codeAction(file:///c%3A/Users/vantr/AppData/Local/Temp/.arduinoIDE-unsaved2021211-7092-1oxrxdk.4089/sketch_mar11a/sketch_mar11a.ino:10:14)
2021/03/11 20:28:45     --> codeAction(file:///C:/Users/vantr/AppData/Local/Temp/arduino-language-server996753751/sketch/sketch_mar11a.ino.cpp:17:14)
2021/03/11 20:28:45 IDE --> textDocument/codeAction 2 sent to Clang
2021/03/11 20:28:45 [91mIDE     LS --> CL: REQUEST textDocument/codeAction 3: [0m
2021/03/11 20:28:45 [92mIDE     LS <-- CL: ANSWER textDocument/codeAction 3 (3): [0m
2021/03/11 20:28:45 IDE --> textDocument/codeAction 2 Queued check document symbols
2021/03/11 20:28:45 SYCK--- [93m read-locked[0m
2021/03/11 20:28:45 SYCK--- requesting documentSymbol for file:///C:/Users/vantr/AppData/Local/Temp/arduino-language-server996753751/sketch/sketch_mar11a.ino.cpp
2021/03/11 20:28:45 SYCK--- [93m read-unlocked[0m
2021/03/11 20:28:45 [91mIDE     LS --> CL: REQUEST textDocument/documentSymbol 4: [0m
2021/03/11 20:28:45 [92mIDE     LS <-- CL: ANSWER textDocument/documentSymbol 4 (4): [0m
2021/03/11 20:28:45 SYCK--- [93m read-locked[0m
2021/03/11 20:28:45 SYCK---    symbol: Function setup 3:0-3:12
2021/03/11 20:28:45 SYCK---             > void setup()
2021/03/11 20:28:45 SYCK---    symbol: Function loop 5:0-5:11
2021/03/11 20:28:45 SYCK---             > void loop()
2021/03/11 20:28:45 SYCK---    symbol: Function setup 7:0-10:1
2021/03/11 20:28:45 SYCK---      TRIMMED> void setup() 
2021/03/11 20:28:45 SYCK---    symbol: Function loop 12:0-18:1
2021/03/11 20:28:45 SYCK---      TRIMMED> void loop() 
2021/03/11 20:28:45 SYCK--- [93m read-unlocked[0m
2021/03/11 20:28:45 SYCK--- (done)
2021/03/11 20:28:45     <-- codeAction(0 elements)
2021/03/11 20:28:45 <-- codeAction(0 elements)
2021/03/11 20:28:45 IDE --> textDocument/codeAction 2 [93m read-unlocked[0m
2021/03/11 20:28:45 [91mIDE <-- LS     CL: ANSWER UNBOUND (2): [0m
2021/03/11 20:28:47 [92mIDE     LS <-- CL: NOTIFICATION $/progress: TOKEN=backgroundIndexProgress REPORT 4/71 5.633802816901408%[0m
2021/03/11 20:28:47 [92mIDE     LS <-- CL: NOTIFICATION $/progress: TOKEN=backgroundIndexProgress REPORT 4/71 5.633802816901408%[0m
2021/03/11 20:28:47 [91mIDE <-- LS     CL: NOTIFICATION $/progress: TOKEN=backgroundIndexProgress REPORT 4/71 5.633802816901408%[0m
2021/03/11 20:28:47 [91mIDE <-- LS     CL: NOTIFICATION $/progress: TOKEN=backgroundIndexProgress REPORT 4/71 5.633802816901408%[0m
2021/03/11 20:28:48 [92mIDE     LS <-- CL: NOTIFICATION $/progress: TOKEN=backgroundIndexProgress REPORT 5/71 7.042253521126761%[0m
2021/03/11 20:28:48 [91mIDE <-- LS     CL: NOTIFICATION $/progress: TOKEN=backgroundIndexProgress REPORT 5/71 7.042253521126761%[0m
2021/03/11 20:28:48 [92mIDE     LS <-- CL: NOTIFICATION $/progress: TOKEN=backgroundIndexProgress REPORT 5/71 7.042253521126761%[0m
2021/03/11 20:28:48 [91mIDE <-- LS     CL: NOTIFICATION $/progress: TOKEN=backgroundIndexProgress REPORT 5/71 7.042253521126761%[0m
2021/03/11 20:28:48 [92mIDE     LS <-- CL: NOTIFICATION $/progress: TOKEN=backgroundIndexProgress REPORT 6/71 8.450704225352112%[0m
2021/03/11 20:28:48 [92mIDE     LS <-- CL: NOTIFICATION $/progress: TOKEN=backgroundIndexProgress REPORT 6/71 8.450704225352112%[0m
2021/03/11 20:28:48 [91mIDE <-- LS     CL: NOTIFICATION $/progress: TOKEN=backgroundIndexProgress REPORT 6/71 8.450704225352112%[0m
2021/03/11 20:28:48 [91mIDE <-- LS     CL: NOTIFICATION $/progress: TOKEN=backgroundIndexProgress REPORT 6/71 8.450704225352112%[0m
2021/03/11 20:28:48 [92mIDE     LS <-- CL: NOTIFICATION $/progress: TOKEN=backgroundIndexProgress REPORT 7/71 9.859154929577464%[0m
2021/03/11 20:28:48 [91mIDE <-- LS     CL: NOTIFICATION $/progress: TOKEN=backgroundIndexProgress REPORT 7/71 9.859154929577464%[0m
2021/03/11 20:28:48 [92mIDE     LS <-- CL: NOTIFICATION $/progress: TOKEN=backgroundIndexProgress REPORT 7/71 9.859154929577464%[0m
2021/03/11 20:28:48 [91mIDE <-- LS     CL: NOTIFICATION $/progress: TOKEN=backgroundIndexProgress REPORT 7/71 9.859154929577464%[0m
2021/03/11 20:28:48 [92mIDE     LS <-- CL: NOTIFICATION $/progress: TOKEN=backgroundIndexProgress REPORT 8/71 11.267605633802816%[0m
2021/03/11 20:28:48 [92mIDE     LS <-- CL: NOTIFICATION $/progress: TOKEN=backgroundIndexProgress REPORT 8/71 11.267605633802816%[0m
2021/03/11 20:28:48 [91mIDE <-- LS     CL: NOTIFICATION $/progress: TOKEN=backgroundIndexProgress REPORT 8/71 11.267605633802816%[0m
2021/03/11 20:28:48 [91mIDE <-- LS     CL: NOTIFICATION $/progress: TOKEN=backgroundIndexProgress REPORT 8/71 11.267605633802816%[0m
2021/03/11 20:28:48 [92mIDE     LS <-- CL: NOTIFICATION $/progress: TOKEN=backgroundIndexProgress REPORT 9/71 12.67605633802817%[0m
2021/03/11 20:28:48 [91mIDE <-- LS     CL: NOTIFICATION $/progress: TOKEN=backgroundIndexProgress REPORT 9/71 12.67605633802817%[0m
2021/03/11 20:28:48 [92mIDE     LS <-- CL: NOTIFICATION $/progress: TOKEN=backgroundIndexProgress REPORT 9/71 12.67605633802817%[0m
2021/03/11 20:28:48 [91mIDE <-- LS     CL: NOTIFICATION $/progress: TOKEN=backgroundIndexProgress REPORT 9/71 12.67605633802817%[0m
2021/03/11 20:28:49 [92mIDE     LS <-- CL: NOTIFICATION $/progress: TOKEN=backgroundIndexProgress REPORT 10/71 14.084507042253522%[0m
2021/03/11 20:28:49 [91mIDE <-- LS     CL: NOTIFICATION $/progress: TOKEN=backgroundIndexProgress REPORT 10/71 14.084507042253522%[0m
2021/03/11 20:28:49 [92mIDE     LS <-- CL: NOTIFICATION $/progress: TOKEN=backgroundIndexProgress REPORT 10/71 14.084507042253522%[0m
2021/03/11 20:28:49 [91mIDE <-- LS     CL: NOTIFICATION $/progress: TOKEN=backgroundIndexProgress REPORT 10/71 14.084507042253522%[0m
2021/03/11 20:28:49 [92mIDE     LS <-- CL: NOTIFICATION $/progress: TOKEN=backgroundIndexProgress REPORT 11/71 15.492957746478874%[0m
2021/03/11 20:28:49 [92mIDE     LS <-- CL: NOTIFICATION $/progress: TOKEN=backgroundIndexProgress REPORT 11/71 15.492957746478874%[0m
2021/03/11 20:28:49 [91mIDE <-- LS     CL: NOTIFICATION $/progress: TOKEN=backgroundIndexProgress REPORT 11/71 15.492957746478874%[0m
2021/03/11 20:28:49 [91mIDE <-- LS     CL: NOTIFICATION $/progress: TOKEN=backgroundIndexProgress REPORT 11/71 15.492957746478874%[0m
2021/03/11 20:28:49 [92mIDE     LS <-- CL: NOTIFICATION $/progress: TOKEN=backgroundIndexProgress REPORT 12/71 16.901408450704224%[0m
2021/03/11 20:28:49 [92mIDE     LS <-- CL: NOTIFICATION $/progress: TOKEN=backgroundIndexProgress REPORT 12/71 16.901408450704224%[0m
2021/03/11 20:28:49 [91mIDE <-- LS     CL: NOTIFICATION $/progress: TOKEN=backgroundIndexProgress REPORT 12/71 16.901408450704224%[0m
2021/03/11 20:28:49 [91mIDE <-- LS     CL: NOTIFICATION $/progress: TOKEN=backgroundIndexProgress REPORT 12/71 16.901408450704224%[0m
2021/03/11 20:28:50 [92mIDE     LS <-- CL: NOTIFICATION $/progress: TOKEN=backgroundIndexProgress REPORT 13/71 18.309859154929576%[0m
2021/03/11 20:28:50 [92mIDE     LS <-- CL: NOTIFICATION $/progress: TOKEN=backgroundIndexProgress REPORT 13/71 18.309859154929576%[0m
2021/03/11 20:28:50 [91mIDE <-- LS     CL: NOTIFICATION $/progress: TOKEN=backgroundIndexProgress REPORT 13/71 18.309859154929576%[0m
2021/03/11 20:28:50 [91mIDE <-- LS     CL: NOTIFICATION $/progress: TOKEN=backgroundIndexProgress REPORT 13/71 18.309859154929576%[0m
2021/03/11 20:28:50 [92mIDE     LS <-- CL: NOTIFICATION $/progress: TOKEN=backgroundIndexProgress REPORT 14/71 19.718309859154928%[0m
2021/03/11 20:28:50 [92mIDE     LS <-- CL: NOTIFICATION $/progress: TOKEN=backgroundIndexProgress REPORT 14/71 19.718309859154928%[0m
2021/03/11 20:28:50 [91mIDE <-- LS     CL: NOTIFICATION $/progress: TOKEN=backgroundIndexProgress REPORT 14/71 19.718309859154928%[0m
2021/03/11 20:28:50 [91mIDE <-- LS     CL: NOTIFICATION $/progress: TOKEN=backgroundIndexProgress REPORT 14/71 19.718309859154928%[0m
2021/03/11 20:28:50 [92mIDE     LS <-- CL: NOTIFICATION $/progress: TOKEN=backgroundIndexProgress REPORT 15/71 21.12676056338028%[0m
2021/03/11 20:28:50 [92mIDE     LS <-- CL: NOTIFICATION $/progress: TOKEN=backgroundIndexProgress REPORT 15/71 21.12676056338028%[0m
2021/03/11 20:28:50 [91mIDE <-- LS     CL: NOTIFICATION $/progress: TOKEN=backgroundIndexProgress REPORT 15/71 21.12676056338028%[0m
2021/03/11 20:28:50 [91mIDE <-- LS     CL: NOTIFICATION $/progress: TOKEN=backgroundIndexProgress REPORT 15/71 21.12676056338028%[0m
2021/03/11 20:28:50 [92mIDE     LS <-- CL: NOTIFICATION $/progress: TOKEN=backgroundIndexProgress REPORT 16/71 22.535211267605632%[0m
2021/03/11 20:28:50 [91mIDE <-- LS     CL: NOTIFICATION $/progress: TOKEN=backgroundIndexProgress REPORT 16/71 22.535211267605632%[0m
2021/03/11 20:28:50 [92mIDE     LS <-- CL: NOTIFICATION $/progress: TOKEN=backgroundIndexProgress REPORT 16/71 22.535211267605632%[0m
2021/03/11 20:28:50 [91mIDE <-- LS     CL: NOTIFICATION $/progress: TOKEN=backgroundIndexProgress REPORT 16/71 22.535211267605632%[0m
2021/03/11 20:28:51 [92mIDE     LS <-- CL: NOTIFICATION $/progress: TOKEN=backgroundIndexProgress REPORT 17/71 23.943661971830984%[0m
2021/03/11 20:28:51 [91mIDE <-- LS     CL: NOTIFICATION $/progress: TOKEN=backgroundIndexProgress REPORT 17/71 23.943661971830984%[0m
2021/03/11 20:28:51 [92mIDE     LS <-- CL: NOTIFICATION $/progress: TOKEN=backgroundIndexProgress REPORT 17/71 23.943661971830984%[0m
2021/03/11 20:28:51 [91mIDE <-- LS     CL: NOTIFICATION $/progress: TOKEN=backgroundIndexProgress REPORT 17/71 23.943661971830984%[0m
2021/03/11 20:28:52 [92mIDE     LS <-- CL: NOTIFICATION $/progress: TOKEN=backgroundIndexProgress REPORT 18/71 25.35211267605634%[0m
2021/03/11 20:28:52 [91mIDE <-- LS     CL: NOTIFICATION $/progress: TOKEN=backgroundIndexProgress REPORT 18/71 25.35211267605634%[0m
2021/03/11 20:28:52 [92mIDE     LS <-- CL: NOTIFICATION $/progress: TOKEN=backgroundIndexProgress REPORT 18/71 25.35211267605634%[0m
2021/03/11 20:28:52 [91mIDE <-- LS     CL: NOTIFICATION $/progress: TOKEN=backgroundIndexProgress REPORT 18/71 25.35211267605634%[0m
2021/03/11 20:28:52 [92mIDE     LS <-- CL: NOTIFICATION $/progress: TOKEN=backgroundIndexProgress REPORT 19/71 26.760563380281692%[0m
2021/03/11 20:28:52 [92mIDE     LS <-- CL: NOTIFICATION $/progress: TOKEN=backgroundIndexProgress REPORT 19/71 26.760563380281692%[0m
2021/03/11 20:28:52 [91mIDE <-- LS     CL: NOTIFICATION $/progress: TOKEN=backgroundIndexProgress REPORT 19/71 26.760563380281692%[0m
2021/03/11 20:28:52 [91mIDE <-- LS     CL: NOTIFICATION $/progress: TOKEN=backgroundIndexProgress REPORT 19/71 26.760563380281692%[0m
2021/03/11 20:28:52 [92mIDE     LS <-- CL: NOTIFICATION $/progress: TOKEN=backgroundIndexProgress REPORT 20/71 28.169014084507044%[0m
2021/03/11 20:28:52 [92mIDE     LS <-- CL: NOTIFICATION $/progress: TOKEN=backgroundIndexProgress REPORT 20/71 28.169014084507044%[0m
2021/03/11 20:28:52 [91mIDE <-- LS     CL: NOTIFICATION $/progress: TOKEN=backgroundIndexProgress REPORT 20/71 28.169014084507044%[0m
2021/03/11 20:28:52 [91mIDE <-- LS     CL: NOTIFICATION $/progress: TOKEN=backgroundIndexProgress REPORT 20/71 28.169014084507044%[0m
2021/03/11 20:28:52 [92mIDE     LS <-- CL: NOTIFICATION $/progress: TOKEN=backgroundIndexProgress REPORT 21/71 29.577464788732396%[0m
2021/03/11 20:28:52 [92mIDE     LS <-- CL: NOTIFICATION $/progress: TOKEN=backgroundIndexProgress REPORT 21/71 29.577464788732396%[0m
2021/03/11 20:28:52 [91mIDE <-- LS     CL: NOTIFICATION $/progress: TOKEN=backgroundIndexProgress REPORT 21/71 29.577464788732396%[0m
2021/03/11 20:28:52 [91mIDE <-- LS     CL: NOTIFICATION $/progress: TOKEN=backgroundIndexProgress REPORT 21/71 29.577464788732396%[0m
2021/03/11 20:28:52 [92mIDE     LS <-- CL: NOTIFICATION $/progress: TOKEN=backgroundIndexProgress REPORT 22/71 30.985915492957748%[0m
2021/03/11 20:28:52 [91mIDE <-- LS     CL: NOTIFICATION $/progress: TOKEN=backgroundIndexProgress REPORT 22/71 30.985915492957748%[0m
2021/03/11 20:28:52 [92mIDE     LS <-- CL: NOTIFICATION $/progress: TOKEN=backgroundIndexProgress REPORT 22/71 30.985915492957748%[0m
2021/03/11 20:28:52 [91mIDE <-- LS     CL: NOTIFICATION $/progress: TOKEN=backgroundIndexProgress REPORT 22/71 30.985915492957748%[0m
2021/03/11 20:28:52 [92mIDE     LS <-- CL: NOTIFICATION $/progress: TOKEN=backgroundIndexProgress REPORT 23/71 32.394366197183096%[0m
2021/03/11 20:28:52 [92mIDE     LS <-- CL: NOTIFICATION $/progress: TOKEN=backgroundIndexProgress REPORT 23/71 32.394366197183096%[0m
2021/03/11 20:28:52 [91mIDE <-- LS     CL: NOTIFICATION $/progress: TOKEN=backgroundIndexProgress REPORT 23/71 32.394366197183096%[0m
2021/03/11 20:28:52 [91mIDE <-- LS     CL: NOTIFICATION $/progress: TOKEN=backgroundIndexProgress REPORT 23/71 32.394366197183096%[0m
2021/03/11 20:28:53 [92mIDE     LS <-- CL: NOTIFICATION $/progress: TOKEN=backgroundIndexProgress REPORT 24/71 33.80281690140845%[0m
2021/03/11 20:28:53 [91mIDE <-- LS     CL: NOTIFICATION $/progress: TOKEN=backgroundIndexProgress REPORT 24/71 33.80281690140845%[0m
2021/03/11 20:28:53 [92mIDE     LS <-- CL: NOTIFICATION $/progress: TOKEN=backgroundIndexProgress REPORT 24/71 33.80281690140845%[0m
2021/03/11 20:28:53 [91mIDE <-- LS     CL: NOTIFICATION $/progress: TOKEN=backgroundIndexProgress REPORT 24/71 33.80281690140845%[0m
2021/03/11 20:28:53 [92mIDE     LS <-- CL: NOTIFICATION $/progress: TOKEN=backgroundIndexProgress REPORT 25/71 35.2112676056338%[0m
2021/03/11 20:28:53 [92mIDE     LS <-- CL: NOTIFICATION $/progress: TOKEN=backgroundIndexProgress REPORT 25/71 35.2112676056338%[0m
2021/03/11 20:28:53 [91mIDE <-- LS     CL: NOTIFICATION $/progress: TOKEN=backgroundIndexProgress REPORT 25/71 35.2112676056338%[0m
2021/03/11 20:28:53 [91mIDE <-- LS     CL: NOTIFICATION $/progress: TOKEN=backgroundIndexProgress REPORT 25/71 35.2112676056338%[0m
2021/03/11 20:28:53 [92mIDE     LS <-- CL: NOTIFICATION $/progress: TOKEN=backgroundIndexProgress REPORT 26/71 36.61971830985915%[0m
2021/03/11 20:28:53 [92mIDE     LS <-- CL: NOTIFICATION $/progress: TOKEN=backgroundIndexProgress REPORT 26/71 36.61971830985915%[0m
2021/03/11 20:28:53 [91mIDE <-- LS     CL: NOTIFICATION $/progress: TOKEN=backgroundIndexProgress REPORT 26/71 36.61971830985915%[0m
2021/03/11 20:28:53 [91mIDE <-- LS     CL: NOTIFICATION $/progress: TOKEN=backgroundIndexProgress REPORT 26/71 36.61971830985915%[0m
2021/03/11 20:28:54 [92mIDE     LS <-- CL: NOTIFICATION $/progress: TOKEN=backgroundIndexProgress REPORT 27/71 38.028169014084504%[0m
2021/03/11 20:28:54 [91mIDE <-- LS     CL: NOTIFICATION $/progress: TOKEN=backgroundIndexProgress REPORT 27/71 38.028169014084504%[0m
2021/03/11 20:28:54 [92mIDE     LS <-- CL: NOTIFICATION $/progress: TOKEN=backgroundIndexProgress REPORT 27/71 38.028169014084504%[0m
2021/03/11 20:28:54 [91mIDE <-- LS     CL: NOTIFICATION $/progress: TOKEN=backgroundIndexProgress REPORT 27/71 38.028169014084504%[0m
2021/03/11 20:28:54 [92mIDE     LS <-- CL: NOTIFICATION $/progress: TOKEN=backgroundIndexProgress REPORT 28/71 39.436619718309856%[0m
2021/03/11 20:28:54 [91mIDE <-- LS     CL: NOTIFICATION $/progress: TOKEN=backgroundIndexProgress REPORT 28/71 39.436619718309856%[0m
2021/03/11 20:28:54 [92mIDE     LS <-- CL: NOTIFICATION $/progress: TOKEN=backgroundIndexProgress REPORT 28/71 39.436619718309856%[0m
2021/03/11 20:28:54 [91mIDE <-- LS     CL: NOTIFICATION $/progress: TOKEN=backgroundIndexProgress REPORT 28/71 39.436619718309856%[0m
2021/03/11 20:28:54 [92mIDE     LS <-- CL: NOTIFICATION $/progress: TOKEN=backgroundIndexProgress REPORT 29/71 40.84507042253521%[0m
2021/03/11 20:28:54 [92mIDE     LS <-- CL: NOTIFICATION $/progress: TOKEN=backgroundIndexProgress REPORT 29/71 40.84507042253521%[0m
2021/03/11 20:28:54 [91mIDE <-- LS     CL: NOTIFICATION $/progress: TOKEN=backgroundIndexProgress REPORT 29/71 40.84507042253521%[0m
2021/03/11 20:28:54 [91mIDE <-- LS     CL: NOTIFICATION $/progress: TOKEN=backgroundIndexProgress REPORT 29/71 40.84507042253521%[0m
2021/03/11 20:28:54 [92mIDE     LS <-- CL: NOTIFICATION $/progress: TOKEN=backgroundIndexProgress REPORT 30/71 42.25352112676056%[0m
2021/03/11 20:28:54 [92mIDE     LS <-- CL: NOTIFICATION $/progress: TOKEN=backgroundIndexProgress REPORT 30/71 42.25352112676056%[0m
2021/03/11 20:28:54 [91mIDE <-- LS     CL: NOTIFICATION $/progress: TOKEN=backgroundIndexProgress REPORT 30/71 42.25352112676056%[0m
2021/03/11 20:28:54 [91mIDE <-- LS     CL: NOTIFICATION $/progress: TOKEN=backgroundIndexProgress REPORT 30/71 42.25352112676056%[0m
2021/03/11 20:28:54 [92mIDE     LS <-- CL: NOTIFICATION $/progress: TOKEN=backgroundIndexProgress REPORT 31/71 43.66197183098591%[0m
2021/03/11 20:28:54 [92mIDE     LS <-- CL: NOTIFICATION $/progress: TOKEN=backgroundIndexProgress REPORT 31/71 43.66197183098591%[0m
2021/03/11 20:28:54 [91mIDE <-- LS     CL: NOTIFICATION $/progress: TOKEN=backgroundIndexProgress REPORT 31/71 43.66197183098591%[0m
2021/03/11 20:28:54 [91mIDE <-- LS     CL: NOTIFICATION $/progress: TOKEN=backgroundIndexProgress REPORT 31/71 43.66197183098591%[0m
2021/03/11 20:28:54 [92mIDE     LS <-- CL: NOTIFICATION $/progress: TOKEN=backgroundIndexProgress REPORT 32/71 45.070422535211264%[0m
2021/03/11 20:28:54 [91mIDE <-- LS     CL: NOTIFICATION $/progress: TOKEN=backgroundIndexProgress REPORT 32/71 45.070422535211264%[0m
2021/03/11 20:28:54 [92mIDE     LS <-- CL: NOTIFICATION $/progress: TOKEN=backgroundIndexProgress REPORT 32/71 45.070422535211264%[0m
2021/03/11 20:28:54 [91mIDE <-- LS     CL: NOTIFICATION $/progress: TOKEN=backgroundIndexProgress REPORT 32/71 45.070422535211264%[0m
2021/03/11 20:28:54 [92mIDE     LS <-- CL: NOTIFICATION $/progress: TOKEN=backgroundIndexProgress REPORT 33/71 46.478873239436616%[0m
2021/03/11 20:28:54 [92mIDE     LS <-- CL: NOTIFICATION $/progress: TOKEN=backgroundIndexProgress REPORT 33/71 46.478873239436616%[0m
2021/03/11 20:28:54 [91mIDE <-- LS     CL: NOTIFICATION $/progress: TOKEN=backgroundIndexProgress REPORT 33/71 46.478873239436616%[0m
2021/03/11 20:28:55 [92mIDE     LS <-- CL: NOTIFICATION $/progress: TOKEN=backgroundIndexProgress REPORT 34/71 47.88732394366197%[0m
2021/03/11 20:28:55 [92mIDE     LS <-- CL: NOTIFICATION $/progress: TOKEN=backgroundIndexProgress REPORT 34/71 47.88732394366197%[0m
2021/03/11 20:28:55 [91mIDE <-- LS     CL: NOTIFICATION $/progress: TOKEN=backgroundIndexProgress REPORT 34/71 47.88732394366197%[0m
2021/03/11 20:28:55 [91mIDE <-- LS     CL: NOTIFICATION $/progress: TOKEN=backgroundIndexProgress REPORT 34/71 47.88732394366197%[0m
2021/03/11 20:28:55 [92mIDE     LS <-- CL: NOTIFICATION $/progress: TOKEN=backgroundIndexProgress REPORT 35/71 49.29577464788732%[0m
2021/03/11 20:28:55 [91mIDE <-- LS     CL: NOTIFICATION $/progress: TOKEN=backgroundIndexProgress REPORT 35/71 49.29577464788732%[0m
2021/03/11 20:28:55 [92mIDE     LS <-- CL: NOTIFICATION $/progress: TOKEN=backgroundIndexProgress REPORT 35/71 49.29577464788732%[0m
2021/03/11 20:28:55 [91mIDE <-- LS     CL: NOTIFICATION $/progress: TOKEN=backgroundIndexProgress REPORT 35/71 49.29577464788732%[0m
2021/03/11 20:28:56 [92mIDE     LS <-- CL: NOTIFICATION $/progress: TOKEN=backgroundIndexProgress REPORT 36/71 50.70422535211268%[0m
2021/03/11 20:28:56 [91mIDE <-- LS     CL: NOTIFICATION $/progress: TOKEN=backgroundIndexProgress REPORT 36/71 50.70422535211268%[0m
2021/03/11 20:28:56 [92mIDE     LS <-- CL: NOTIFICATION $/progress: TOKEN=backgroundIndexProgress REPORT 36/71 50.70422535211268%[0m
2021/03/11 20:28:56 [91mIDE <-- LS     CL: NOTIFICATION $/progress: TOKEN=backgroundIndexProgress REPORT 36/71 50.70422535211268%[0m
2021/03/11 20:28:56 [92mIDE     LS <-- CL: NOTIFICATION $/progress: TOKEN=backgroundIndexProgress REPORT 37/71 52.11267605633803%[0m
2021/03/11 20:28:56 [91mIDE <-- LS     CL: NOTIFICATION $/progress: TOKEN=backgroundIndexProgress REPORT 37/71 52.11267605633803%[0m
2021/03/11 20:28:56 [92mIDE     LS <-- CL: NOTIFICATION $/progress: TOKEN=backgroundIndexProgress REPORT 37/71 52.11267605633803%[0m
2021/03/11 20:28:56 [91mIDE <-- LS     CL: NOTIFICATION $/progress: TOKEN=backgroundIndexProgress REPORT 37/71 52.11267605633803%[0m
2021/03/11 20:28:56 [92mIDE     LS <-- CL: NOTIFICATION $/progress: TOKEN=backgroundIndexProgress REPORT 38/71 53.521126760563384%[0m
2021/03/11 20:28:56 [92mIDE     LS <-- CL: NOTIFICATION $/progress: TOKEN=backgroundIndexProgress REPORT 38/71 53.521126760563384%[0m
2021/03/11 20:28:56 [91mIDE <-- LS     CL: NOTIFICATION $/progress: TOKEN=backgroundIndexProgress REPORT 38/71 53.521126760563384%[0m
2021/03/11 20:28:56 [91mIDE <-- LS     CL: NOTIFICATION $/progress: TOKEN=backgroundIndexProgress REPORT 38/71 53.521126760563384%[0m
2021/03/11 20:28:56 [92mIDE     LS <-- CL: NOTIFICATION $/progress: TOKEN=backgroundIndexProgress REPORT 39/71 54.929577464788736%[0m
2021/03/11 20:28:56 [91mIDE <-- LS     CL: NOTIFICATION $/progress: TOKEN=backgroundIndexProgress REPORT 39/71 54.929577464788736%[0m
2021/03/11 20:28:56 [92mIDE     LS <-- CL: NOTIFICATION $/progress: TOKEN=backgroundIndexProgress REPORT 39/71 54.929577464788736%[0m
2021/03/11 20:28:56 [91mIDE <-- LS     CL: NOTIFICATION $/progress: TOKEN=backgroundIndexProgress REPORT 39/71 54.929577464788736%[0m
2021/03/11 20:28:56 [92mIDE     LS <-- CL: NOTIFICATION $/progress: TOKEN=backgroundIndexProgress REPORT 40/71 56.33802816901409%[0m
2021/03/11 20:28:56 [92mIDE     LS <-- CL: NOTIFICATION $/progress: TOKEN=backgroundIndexProgress REPORT 40/71 56.33802816901409%[0m
2021/03/11 20:28:56 [91mIDE <-- LS     CL: NOTIFICATION $/progress: TOKEN=backgroundIndexProgress REPORT 40/71 56.33802816901409%[0m
2021/03/11 20:28:56 [91mIDE <-- LS     CL: NOTIFICATION $/progress: TOKEN=backgroundIndexProgress REPORT 40/71 56.33802816901409%[0m
2021/03/11 20:28:56 [92mIDE     LS <-- CL: NOTIFICATION $/progress: TOKEN=backgroundIndexProgress REPORT 41/71 57.74647887323944%[0m
2021/03/11 20:28:56 [92mIDE     LS <-- CL: NOTIFICATION $/progress: TOKEN=backgroundIndexProgress REPORT 41/71 57.74647887323944%[0m
2021/03/11 20:28:56 [91mIDE <-- LS     CL: NOTIFICATION $/progress: TOKEN=backgroundIndexProgress REPORT 41/71 57.74647887323944%[0m
2021/03/11 20:28:56 [91mIDE <-- LS     CL: NOTIFICATION $/progress: TOKEN=backgroundIndexProgress REPORT 41/71 57.74647887323944%[0m
2021/03/11 20:28:56 [92mIDE     LS <-- CL: NOTIFICATION $/progress: TOKEN=backgroundIndexProgress REPORT 42/71 59.15492957746479%[0m
2021/03/11 20:28:56 [91mIDE <-- LS     CL: NOTIFICATION $/progress: TOKEN=backgroundIndexProgress REPORT 42/71 59.15492957746479%[0m
2021/03/11 20:28:56 [92mIDE     LS <-- CL: NOTIFICATION $/progress: TOKEN=backgroundIndexProgress REPORT 42/71 59.15492957746479%[0m
2021/03/11 20:28:56 [91mIDE <-- LS     CL: NOTIFICATION $/progress: TOKEN=backgroundIndexProgress REPORT 42/71 59.15492957746479%[0m
2021/03/11 20:28:57 [92mIDE     LS <-- CL: NOTIFICATION $/progress: TOKEN=backgroundIndexProgress REPORT 43/71 60.563380281690144%[0m
2021/03/11 20:28:57 [91mIDE <-- LS     CL: NOTIFICATION $/progress: TOKEN=backgroundIndexProgress REPORT 43/71 60.563380281690144%[0m
2021/03/11 20:28:57 [92mIDE     LS <-- CL: NOTIFICATION $/progress: TOKEN=backgroundIndexProgress REPORT 43/71 60.563380281690144%[0m
2021/03/11 20:28:57 [91mIDE <-- LS     CL: NOTIFICATION $/progress: TOKEN=backgroundIndexProgress REPORT 43/71 60.563380281690144%[0m
2021/03/11 20:28:57 [92mIDE     LS <-- CL: NOTIFICATION $/progress: TOKEN=backgroundIndexProgress REPORT 44/71 61.971830985915496%[0m
2021/03/11 20:28:57 [92mIDE     LS <-- CL: NOTIFICATION $/progress: TOKEN=backgroundIndexProgress REPORT 44/71 61.971830985915496%[0m
2021/03/11 20:28:57 [91mIDE <-- LS     CL: NOTIFICATION $/progress: TOKEN=backgroundIndexProgress REPORT 44/71 61.971830985915496%[0m
2021/03/11 20:28:57 [91mIDE <-- LS     CL: NOTIFICATION $/progress: TOKEN=backgroundIndexProgress REPORT 44/71 61.971830985915496%[0m
2021/03/11 20:28:57 [92mIDE     LS <-- CL: NOTIFICATION $/progress: TOKEN=backgroundIndexProgress REPORT 45/71 63.38028169014085%[0m
2021/03/11 20:28:57 [92mIDE     LS <-- CL: NOTIFICATION $/progress: TOKEN=backgroundIndexProgress REPORT 45/71 63.38028169014085%[0m
2021/03/11 20:28:57 [91mIDE <-- LS     CL: NOTIFICATION $/progress: TOKEN=backgroundIndexProgress REPORT 45/71 63.38028169014085%[0m
2021/03/11 20:28:58 [92mIDE     LS <-- CL: NOTIFICATION $/progress: TOKEN=backgroundIndexProgress REPORT 46/71 64.78873239436619%[0m
2021/03/11 20:28:58 [91mIDE <-- LS     CL: NOTIFICATION $/progress: TOKEN=backgroundIndexProgress REPORT 46/71 64.78873239436619%[0m
2021/03/11 20:28:58 [92mIDE     LS <-- CL: NOTIFICATION $/progress: TOKEN=backgroundIndexProgress REPORT 46/71 64.78873239436619%[0m
2021/03/11 20:28:58 [91mIDE <-- LS     CL: NOTIFICATION $/progress: TOKEN=backgroundIndexProgress REPORT 46/71 64.78873239436619%[0m
2021/03/11 20:28:58 [92mIDE     LS <-- CL: NOTIFICATION $/progress: TOKEN=backgroundIndexProgress REPORT 47/71 66.19718309859155%[0m
2021/03/11 20:28:58 [91mIDE <-- LS     CL: NOTIFICATION $/progress: TOKEN=backgroundIndexProgress REPORT 47/71 66.19718309859155%[0m
2021/03/11 20:28:58 [92mIDE     LS <-- CL: NOTIFICATION $/progress: TOKEN=backgroundIndexProgress REPORT 47/71 66.19718309859155%[0m
2021/03/11 20:28:58 [91mIDE <-- LS     CL: NOTIFICATION $/progress: TOKEN=backgroundIndexProgress REPORT 47/71 66.19718309859155%[0m
2021/03/11 20:28:58 [92mIDE     LS <-- CL: NOTIFICATION $/progress: TOKEN=backgroundIndexProgress REPORT 48/71 67.6056338028169%[0m
2021/03/11 20:28:58 [92mIDE     LS <-- CL: NOTIFICATION $/progress: TOKEN=backgroundIndexProgress REPORT 48/71 67.6056338028169%[0m
2021/03/11 20:28:58 [91mIDE <-- LS     CL: NOTIFICATION $/progress: TOKEN=backgroundIndexProgress REPORT 48/71 67.6056338028169%[0m
2021/03/11 20:28:58 [92mIDE     LS <-- CL: NOTIFICATION $/progress: TOKEN=backgroundIndexProgress REPORT 49/71 69.01408450704226%[0m
2021/03/11 20:28:58 [91mIDE <-- LS     CL: NOTIFICATION $/progress: TOKEN=backgroundIndexProgress REPORT 49/71 69.01408450704226%[0m
2021/03/11 20:28:58 [92mIDE     LS <-- CL: NOTIFICATION $/progress: TOKEN=backgroundIndexProgress REPORT 49/71 69.01408450704226%[0m
2021/03/11 20:28:58 [91mIDE <-- LS     CL: NOTIFICATION $/progress: TOKEN=backgroundIndexProgress REPORT 49/71 69.01408450704226%[0m
2021/03/11 20:28:59 [92mIDE     LS <-- CL: NOTIFICATION $/progress: TOKEN=backgroundIndexProgress REPORT 50/71 70.4225352112676%[0m
2021/03/11 20:28:59 [92mIDE     LS <-- CL: NOTIFICATION $/progress: TOKEN=backgroundIndexProgress REPORT 50/71 70.4225352112676%[0m
2021/03/11 20:28:59 [91mIDE <-- LS     CL: NOTIFICATION $/progress: TOKEN=backgroundIndexProgress REPORT 50/71 70.4225352112676%[0m
2021/03/11 20:28:59 [91mIDE <-- LS     CL: NOTIFICATION $/progress: TOKEN=backgroundIndexProgress REPORT 50/71 70.4225352112676%[0m
2021/03/11 20:28:59 [92mIDE     LS <-- CL: NOTIFICATION $/progress: TOKEN=backgroundIndexProgress REPORT 51/71 71.83098591549296%[0m
2021/03/11 20:28:59 [91mIDE <-- LS     CL: NOTIFICATION $/progress: TOKEN=backgroundIndexProgress REPORT 51/71 71.83098591549296%[0m
2021/03/11 20:28:59 [92mIDE     LS <-- CL: NOTIFICATION $/progress: TOKEN=backgroundIndexProgress REPORT 51/71 71.83098591549296%[0m
2021/03/11 20:28:59 [91mIDE <-- LS     CL: NOTIFICATION $/progress: TOKEN=backgroundIndexProgress REPORT 51/71 71.83098591549296%[0m
2021/03/11 20:28:59 [92mIDE     LS <-- CL: NOTIFICATION $/progress: TOKEN=backgroundIndexProgress REPORT 52/71 73.2394366197183%[0m
2021/03/11 20:28:59 [92mIDE     LS <-- CL: NOTIFICATION $/progress: TOKEN=backgroundIndexProgress REPORT 52/71 73.2394366197183%[0m
2021/03/11 20:28:59 [91mIDE <-- LS     CL: NOTIFICATION $/progress: TOKEN=backgroundIndexProgress REPORT 52/71 73.2394366197183%[0m
2021/03/11 20:28:59 [92mIDE     LS <-- CL: NOTIFICATION $/progress: TOKEN=backgroundIndexProgress REPORT 53/71 74.64788732394366%[0m
2021/03/11 20:28:59 [92mIDE     LS <-- CL: NOTIFICATION $/progress: TOKEN=backgroundIndexProgress REPORT 53/71 74.64788732394366%[0m
2021/03/11 20:28:59 [91mIDE <-- LS     CL: NOTIFICATION $/progress: TOKEN=backgroundIndexProgress REPORT 53/71 74.64788732394366%[0m
2021/03/11 20:28:59 [91mIDE <-- LS     CL: NOTIFICATION $/progress: TOKEN=backgroundIndexProgress REPORT 53/71 74.64788732394366%[0m
2021/03/11 20:28:59 [92mIDE     LS <-- CL: NOTIFICATION $/progress: TOKEN=backgroundIndexProgress REPORT 54/71 76.05633802816901%[0m
2021/03/11 20:28:59 [92mIDE     LS <-- CL: NOTIFICATION $/progress: TOKEN=backgroundIndexProgress REPORT 54/71 76.05633802816901%[0m
2021/03/11 20:28:59 [91mIDE <-- LS     CL: NOTIFICATION $/progress: TOKEN=backgroundIndexProgress REPORT 54/71 76.05633802816901%[0m
2021/03/11 20:28:59 [91mIDE <-- LS     CL: NOTIFICATION $/progress: TOKEN=backgroundIndexProgress REPORT 54/71 76.05633802816901%[0m
2021/03/11 20:28:59 [92mIDE     LS <-- CL: NOTIFICATION $/progress: TOKEN=backgroundIndexProgress REPORT 55/71 77.46478873239437%[0m
2021/03/11 20:28:59 [92mIDE     LS <-- CL: NOTIFICATION $/progress: TOKEN=backgroundIndexProgress REPORT 55/71 77.46478873239437%[0m
2021/03/11 20:28:59 [91mIDE <-- LS     CL: NOTIFICATION $/progress: TOKEN=backgroundIndexProgress REPORT 55/71 77.46478873239437%[0m
2021/03/11 20:28:59 [91mIDE <-- LS     CL: NOTIFICATION $/progress: TOKEN=backgroundIndexProgress REPORT 55/71 77.46478873239437%[0m
2021/03/11 20:29:00 [92mIDE     LS <-- CL: NOTIFICATION $/progress: TOKEN=backgroundIndexProgress REPORT 56/71 78.87323943661971%[0m
2021/03/11 20:29:00 [91mIDE <-- LS     CL: NOTIFICATION $/progress: TOKEN=backgroundIndexProgress REPORT 56/71 78.87323943661971%[0m
2021/03/11 20:29:00 [92mIDE     LS <-- CL: NOTIFICATION $/progress: TOKEN=backgroundIndexProgress REPORT 56/71 78.87323943661971%[0m
2021/03/11 20:29:00 [91mIDE <-- LS     CL: NOTIFICATION $/progress: TOKEN=backgroundIndexProgress REPORT 56/71 78.87323943661971%[0m
2021/03/11 20:29:00 [92mIDE     LS <-- CL: NOTIFICATION $/progress: TOKEN=backgroundIndexProgress REPORT 57/71 80.28169014084507%[0m
2021/03/11 20:29:00 [92mIDE     LS <-- CL: NOTIFICATION $/progress: TOKEN=backgroundIndexProgress REPORT 57/71 80.28169014084507%[0m
2021/03/11 20:29:00 [91mIDE <-- LS     CL: NOTIFICATION $/progress: TOKEN=backgroundIndexProgress REPORT 57/71 80.28169014084507%[0m
2021/03/11 20:29:00 [92mIDE     LS <-- CL: NOTIFICATION $/progress: TOKEN=backgroundIndexProgress REPORT 58/71 81.69014084507042%[0m
2021/03/11 20:29:00 [91mIDE <-- LS     CL: NOTIFICATION $/progress: TOKEN=backgroundIndexProgress REPORT 58/71 81.69014084507042%[0m
2021/03/11 20:29:00 [92mIDE     LS <-- CL: NOTIFICATION $/progress: TOKEN=backgroundIndexProgress REPORT 58/71 81.69014084507042%[0m
2021/03/11 20:29:00 [91mIDE <-- LS     CL: NOTIFICATION $/progress: TOKEN=backgroundIndexProgress REPORT 58/71 81.69014084507042%[0m
2021/03/11 20:29:00 [92mIDE     LS <-- CL: NOTIFICATION $/progress: TOKEN=backgroundIndexProgress REPORT 59/71 83.09859154929578%[0m
2021/03/11 20:29:00 [92mIDE     LS <-- CL: NOTIFICATION $/progress: TOKEN=backgroundIndexProgress REPORT 59/71 83.09859154929578%[0m
2021/03/11 20:29:00 [91mIDE <-- LS     CL: NOTIFICATION $/progress: TOKEN=backgroundIndexProgress REPORT 59/71 83.09859154929578%[0m
2021/03/11 20:29:00 [91mIDE <-- LS     CL: NOTIFICATION $/progress: TOKEN=backgroundIndexProgress REPORT 59/71 83.09859154929578%[0m
2021/03/11 20:29:00 [92mIDE     LS <-- CL: NOTIFICATION $/progress: TOKEN=backgroundIndexProgress REPORT 60/71 84.50704225352112%[0m
2021/03/11 20:29:00 [92mIDE     LS <-- CL: NOTIFICATION $/progress: TOKEN=backgroundIndexProgress REPORT 60/71 84.50704225352112%[0m
2021/03/11 20:29:00 [91mIDE <-- LS     CL: NOTIFICATION $/progress: TOKEN=backgroundIndexProgress REPORT 60/71 84.50704225352112%[0m
2021/03/11 20:29:00 [91mIDE <-- LS     CL: NOTIFICATION $/progress: TOKEN=backgroundIndexProgress REPORT 60/71 84.50704225352112%[0m
2021/03/11 20:29:00 [92mIDE     LS <-- CL: NOTIFICATION $/progress: TOKEN=backgroundIndexProgress REPORT 61/71 85.91549295774648%[0m
2021/03/11 20:29:00 [92mIDE     LS <-- CL: NOTIFICATION $/progress: TOKEN=backgroundIndexProgress REPORT 61/71 85.91549295774648%[0m
2021/03/11 20:29:00 [91mIDE <-- LS     CL: NOTIFICATION $/progress: TOKEN=backgroundIndexProgress REPORT 61/71 85.91549295774648%[0m
2021/03/11 20:29:00 [91mIDE <-- LS     CL: NOTIFICATION $/progress: TOKEN=backgroundIndexProgress REPORT 61/71 85.91549295774648%[0m
2021/03/11 20:29:01 [92mIDE     LS <-- CL: NOTIFICATION $/progress: TOKEN=backgroundIndexProgress REPORT 62/71 87.32394366197182%[0m
2021/03/11 20:29:01 [92mIDE     LS <-- CL: NOTIFICATION $/progress: TOKEN=backgroundIndexProgress REPORT 62/71 87.32394366197182%[0m
2021/03/11 20:29:01 [91mIDE <-- LS     CL: NOTIFICATION $/progress: TOKEN=backgroundIndexProgress REPORT 62/71 87.32394366197182%[0m
2021/03/11 20:29:01 [91mIDE <-- LS     CL: NOTIFICATION $/progress: TOKEN=backgroundIndexProgress REPORT 62/71 87.32394366197182%[0m
2021/03/11 20:29:01 [92mIDE     LS <-- CL: NOTIFICATION $/progress: TOKEN=backgroundIndexProgress REPORT 63/71 88.73239436619718%[0m
2021/03/11 20:29:01 [92mIDE     LS <-- CL: NOTIFICATION $/progress: TOKEN=backgroundIndexProgress REPORT 63/71 88.73239436619718%[0m
2021/03/11 20:29:01 [91mIDE <-- LS     CL: NOTIFICATION $/progress: TOKEN=backgroundIndexProgress REPORT 63/71 88.73239436619718%[0m
2021/03/11 20:29:01 [91mIDE <-- LS     CL: NOTIFICATION $/progress: TOKEN=backgroundIndexProgress REPORT 63/71 88.73239436619718%[0m
2021/03/11 20:29:01 [92mIDE     LS <-- CL: NOTIFICATION $/progress: TOKEN=backgroundIndexProgress REPORT 64/71 90.14084507042253%[0m
2021/03/11 20:29:01 [91mIDE <-- LS     CL: NOTIFICATION $/progress: TOKEN=backgroundIndexProgress REPORT 64/71 90.14084507042253%[0m
2021/03/11 20:29:01 [92mIDE     LS <-- CL: NOTIFICATION $/progress: TOKEN=backgroundIndexProgress REPORT 64/71 90.14084507042253%[0m
2021/03/11 20:29:01 [91mIDE <-- LS     CL: NOTIFICATION $/progress: TOKEN=backgroundIndexProgress REPORT 64/71 90.14084507042253%[0m
2021/03/11 20:29:01 [92mIDE     LS <-- CL: NOTIFICATION $/progress: TOKEN=backgroundIndexProgress REPORT 65/71 91.54929577464789%[0m
2021/03/11 20:29:01 [91mIDE <-- LS     CL: NOTIFICATION $/progress: TOKEN=backgroundIndexProgress REPORT 65/71 91.54929577464789%[0m
2021/03/11 20:29:01 [92mIDE     LS <-- CL: NOTIFICATION $/progress: TOKEN=backgroundIndexProgress REPORT 65/71 91.54929577464789%[0m
2021/03/11 20:29:01 [91mIDE <-- LS     CL: NOTIFICATION $/progress: TOKEN=backgroundIndexProgress REPORT 65/71 91.54929577464789%[0m
2021/03/11 20:29:02 [92mIDE     LS <-- CL: NOTIFICATION $/progress: TOKEN=backgroundIndexProgress REPORT 66/71 92.95774647887323%[0m
2021/03/11 20:29:02 [91mIDE <-- LS     CL: NOTIFICATION $/progress: TOKEN=backgroundIndexProgress REPORT 66/71 92.95774647887323%[0m
2021/03/11 20:29:02 [92mIDE     LS <-- CL: NOTIFICATION $/progress: TOKEN=backgroundIndexProgress REPORT 66/71 92.95774647887323%[0m
2021/03/11 20:29:02 [91mIDE <-- LS     CL: NOTIFICATION $/progress: TOKEN=backgroundIndexProgress REPORT 66/71 92.95774647887323%[0m
2021/03/11 20:29:02 [92mIDE     LS <-- CL: NOTIFICATION $/progress: TOKEN=backgroundIndexProgress REPORT 67/71 94.36619718309859%[0m
2021/03/11 20:29:02 [92mIDE     LS <-- CL: NOTIFICATION $/progress: TOKEN=backgroundIndexProgress REPORT 67/71 94.36619718309859%[0m
2021/03/11 20:29:02 [91mIDE <-- LS     CL: NOTIFICATION $/progress: TOKEN=backgroundIndexProgress REPORT 67/71 94.36619718309859%[0m
2021/03/11 20:29:02 [91mIDE <-- LS     CL: NOTIFICATION $/progress: TOKEN=backgroundIndexProgress REPORT 67/71 94.36619718309859%[0m
2021/03/11 20:29:02 [92mIDE     LS <-- CL: NOTIFICATION $/progress: TOKEN=backgroundIndexProgress REPORT 68/71 95.77464788732394%[0m
2021/03/11 20:29:02 [91mIDE <-- LS     CL: NOTIFICATION $/progress: TOKEN=backgroundIndexProgress REPORT 68/71 95.77464788732394%[0m
2021/03/11 20:29:02 [92mIDE     LS <-- CL: NOTIFICATION $/progress: TOKEN=backgroundIndexProgress REPORT 69/71 97.1830985915493%[0m
2021/03/11 20:29:02 [91mIDE <-- LS     CL: NOTIFICATION $/progress: TOKEN=backgroundIndexProgress REPORT 69/71 97.1830985915493%[0m
2021/03/11 20:29:02 [92mIDE     LS <-- CL: NOTIFICATION $/progress: TOKEN=backgroundIndexProgress REPORT 70/71 98.59154929577464%[0m
2021/03/11 20:29:02 [91mIDE <-- LS     CL: NOTIFICATION $/progress: TOKEN=backgroundIndexProgress REPORT 70/71 98.59154929577464%[0m
2021/03/11 20:29:03 [92mIDE     LS <-- CL: NOTIFICATION $/progress: TOKEN=backgroundIndexProgress END [0m
2021/03/11 20:29:03 [91mIDE <-- LS     CL: NOTIFICATION $/progress: TOKEN=backgroundIndexProgress END [0m
2021/03/11 20:30:34 [92mIDE --> LS     CL: REQUEST textDocument/hover 3: [0m
2021/03/11 20:30:34 IDE --> textDocument/hover 3 [93m read-locked[0m
2021/03/11 20:30:34 --> hover(file:///c%3A/Users/vantr/AppData/Local/Temp/.arduinoIDE-unsaved2021211-7092-1oxrxdk.4089/sketch_mar11a/sketch_mar11a.ino:7:4)
2021/03/11 20:30:34     --> hover(file:///C:/Users/vantr/AppData/Local/Temp/arduino-language-server996753751/sketch/sketch_mar11a.ino.cpp:14:4)
2021/03/11 20:30:34 IDE --> textDocument/hover 3 sent to Clang
2021/03/11 20:30:34 [91mIDE     LS --> CL: REQUEST textDocument/hover 5: [0m
2021/03/11 20:30:34 [92mIDE     LS <-- CL: ANSWER textDocument/hover 5 (5): [0m
2021/03/11 20:30:34 <-- hover("### function `digitalWrite`  \n\n---\n→ `void`  \nParameters:  \n- `uint8_t pin`\n- `uint8_t val`\n\n---\n```cpp\nvoid digitalWrite(uint8_t pin, uint8_t val)\n```")
2021/03/11 20:30:34 IDE --> textDocument/hover 3 [93m read-unlocked[0m
2021/03/11 20:30:34 [91mIDE <-- LS     CL: ANSWER UNBOUND (3): [0m
2021/03/11 20:30:37 [92mIDE --> LS     CL: REQUEST textDocument/hover 4: [0m
2021/03/11 20:30:37 IDE --> textDocument/hover 4 [93m read-locked[0m
2021/03/11 20:30:37 --> hover(file:///c%3A/Users/vantr/AppData/Local/Temp/.arduinoIDE-unsaved2021211-7092-1oxrxdk.4089/sketch_mar11a/sketch_mar11a.ino:9:23)
2021/03/11 20:30:37     --> hover(file:///C:/Users/vantr/AppData/Local/Temp/arduino-language-server996753751/sketch/sketch_mar11a.ino.cpp:16:23)
2021/03/11 20:30:37 IDE --> textDocument/hover 4 sent to Clang
2021/03/11 20:30:37 [91mIDE     LS --> CL: REQUEST textDocument/hover 6: [0m
2021/03/11 20:30:37 [92mIDE     LS <-- CL: ANSWER textDocument/hover 6 (6): [0m
2021/03/11 20:30:37 IDE --> textDocument/hover 4 [93m read-unlocked[0m
2021/03/11 20:30:37 [91mIDE <-- LS     CL: ANSWER UNBOUND (4): [0m
2021/03/11 20:30:38 [92mIDE --> LS     CL: REQUEST textDocument/codeAction 5: [0m
2021/03/11 20:30:38 IDE --> textDocument/codeAction 5 [93m read-locked[0m
2021/03/11 20:30:38 --> codeAction(file:///c%3A/Users/vantr/AppData/Local/Temp/.arduinoIDE-unsaved2021211-7092-1oxrxdk.4089/sketch_mar11a/sketch_mar11a.ino:9:19)
2021/03/11 20:30:38     --> codeAction(file:///C:/Users/vantr/AppData/Local/Temp/arduino-language-server996753751/sketch/sketch_mar11a.ino.cpp:16:19)
2021/03/11 20:30:38 IDE --> textDocument/codeAction 5 sent to Clang
2021/03/11 20:30:38 [91mIDE     LS --> CL: REQUEST textDocument/codeAction 7: [0m
2021/03/11 20:30:38 [92mIDE     LS <-- CL: ANSWER textDocument/codeAction 7 (7): [0m
2021/03/11 20:30:38     <-- codeAction(1 elements)
2021/03/11 20:30:38         > CodeAction: Extract subexpression to variable
2021/03/11 20:30:38             > converted clangd ExtractVariable
2021/03/11 20:30:38 <-- codeAction(1 elements)
2021/03/11 20:30:38 IDE --> textDocument/codeAction 5 [93m read-unlocked[0m
2021/03/11 20:30:38 [91mIDE <-- LS     CL: ANSWER UNBOUND (5): [0m
2021/03/11 20:30:38 [92mIDE --> LS     CL: REQUEST textDocument/documentHighlight 6: [0m
2021/03/11 20:30:38 IDE --> textDocument/documentHighlight 6 [93m read-locked[0m
2021/03/11 20:30:38 --> textDocument/documentHighlight(file:///c%3A/Users/vantr/AppData/Local/Temp/.arduinoIDE-unsaved2021211-7092-1oxrxdk.4089/sketch_mar11a/sketch_mar11a.ino:9:24)
2021/03/11 20:30:38     --> textDocument/documentHighlight(file:///C:/Users/vantr/AppData/Local/Temp/arduino-language-server996753751/sketch/sketch_mar11a.ino.cpp:16:24)
2021/03/11 20:30:38 IDE --> textDocument/documentHighlight 6 sent to Clang
2021/03/11 20:30:38 [91mIDE     LS --> CL: REQUEST textDocument/documentHighlight 8: [0m
2021/03/11 20:30:38 [92mIDE     LS <-- CL: ANSWER textDocument/documentHighlight 8 (8): [0m
2021/03/11 20:30:38 IDE --> textDocument/documentHighlight 6 [93m read-unlocked[0m
2021/03/11 20:30:38 [91mIDE <-- LS     CL: ANSWER UNBOUND (6): [0m
2021/03/11 20:30:39 [92mIDE --> LS     CL: REQUEST textDocument/codeAction 7: [0m
2021/03/11 20:30:39 IDE --> textDocument/codeAction 7 [93m read-locked[0m
2021/03/11 20:30:39 --> codeAction(file:///c%3A/Users/vantr/AppData/Local/Temp/.arduinoIDE-unsaved2021211-7092-1oxrxdk.4089/sketch_mar11a/sketch_mar11a.ino:9:24)
2021/03/11 20:30:39     --> codeAction(file:///C:/Users/vantr/AppData/Local/Temp/arduino-language-server996753751/sketch/sketch_mar11a.ino.cpp:16:24)
2021/03/11 20:30:39 IDE --> textDocument/codeAction 7 sent to Clang
2021/03/11 20:30:39 [91mIDE     LS --> CL: REQUEST textDocument/codeAction 9: [0m
2021/03/11 20:30:39 [92mIDE     LS <-- CL: ANSWER textDocument/codeAction 9 (9): [0m
2021/03/11 20:30:39     <-- codeAction(0 elements)
2021/03/11 20:30:39 <-- codeAction(0 elements)
2021/03/11 20:30:39 IDE --> textDocument/codeAction 7 [93m read-unlocked[0m
2021/03/11 20:30:39 [91mIDE <-- LS     CL: ANSWER UNBOUND (7): [0m
2021/03/11 20:30:40 [92mIDE --> LS     CL: NOTIFICATION textDocument/didChange: [0m
2021/03/11 20:30:40 IDE --> textDocument/didChange notif3 [93m locked[0m
2021/03/11 20:30:40 --> didChange(file:///c%3A/Users/vantr/AppData/Local/Temp/.arduinoIDE-unsaved2021211-7092-1oxrxdk.4089/sketch_mar11a/sketch_mar11a.ino@120)
2021/03/11 20:30:40      > 9:23-9:24 -> ""
2021/03/11 20:30:40 INCK--- #include change detected, triggering sketch rebuild!
2021/03/11 20:30:40     --> didChange(file:///C:/Users/vantr/AppData/Local/Temp/arduino-language-server996753751/sketch/sketch_mar11a.ino.cpp@2)
2021/03/11 20:30:40          > 16:23-16:24 -> ""
2021/03/11 20:30:40 [91mIDE     LS --> CL: NOTIFICATION textDocument/didChange: [0m
2021/03/11 20:30:40 IDE --> textDocument/didChange notif3 [93m unlocked[0m
2021/03/11 20:30:40 [92mIDE --> LS     CL: REQUEST textDocument/codeAction 8: [0m
2021/03/11 20:30:40 IDE --> textDocument/codeAction 8 [93m read-locked[0m
2021/03/11 20:30:40 --> codeAction(file:///c%3A/Users/vantr/AppData/Local/Temp/.arduinoIDE-unsaved2021211-7092-1oxrxdk.4089/sketch_mar11a/sketch_mar11a.ino:9:23)
2021/03/11 20:30:40     --> codeAction(file:///C:/Users/vantr/AppData/Local/Temp/arduino-language-server996753751/sketch/sketch_mar11a.ino.cpp:16:23)
2021/03/11 20:30:40 IDE --> textDocument/codeAction 8 sent to Clang
2021/03/11 20:30:40 [91mIDE     LS --> CL: REQUEST textDocument/codeAction 10: [0m
2021/03/11 20:30:40 [92mIDE     LS <-- CL: NOTIFICATION textDocument/publishDiagnostics: [0m
2021/03/11 20:30:40 CLG <-- textDocument/publishDiagnostics notif146 (queued)
2021/03/11 20:30:40 [92mIDE     LS <-- CL: ANSWER textDocument/codeAction 10 (10): [0m
2021/03/11 20:30:40 CLG <-- textDocument/publishDiagnostics notif146 [93m read-locked[0m
2021/03/11 20:30:40 CLG <-- textDocument/publishDiagnostics notif146 (running)
2021/03/11 20:30:40 CLG <-- textDocument/publishDiagnostics notif146 publishDiagnostics(file:///C:/Users/vantr/AppData/Local/Temp/arduino-language-server996753751/sketch/sketch_mar11a.ino.cpp):
2021/03/11 20:30:40 CLG <-- textDocument/publishDiagnostics notif146 > 0:0 - 1: drv_unknown_argument_with_suggestion
2021/03/11 20:30:40 CLG <-- textDocument/publishDiagnostics notif146 > 0:0 - 1: drv_unknown_argument
2021/03/11 20:30:40 CLG <-- textDocument/publishDiagnostics notif146 > 0:9 - 1: unknown_typename
2021/03/11 20:30:40     <-- codeAction(1 elements)
2021/03/11 20:30:40         > CodeAction: Expand macro 'HIGH'
2021/03/11 20:30:40 <-- codeAction(1 elements)
2021/03/11 20:30:40 IDE --> textDocument/codeAction 8 [93m read-unlocked[0m
2021/03/11 20:30:40 [91mIDE <-- LS     CL: ANSWER UNBOUND (8): [0m
2021/03/11 20:30:40     URI: converted 0:0-0:0 to /not-ino:0:0-0:0
2021/03/11 20:30:40     URI: converted 0:0-0:0 to /not-ino:0:0-0:0
2021/03/11 20:30:40     URI: converted 0:9-0:10 to /not-ino:0:9-0:10
2021/03/11 20:30:40 CLG <-- textDocument/publishDiagnostics notif146 to IDE: publishDiagnostics(file:///c%3A/Users/vantr/AppData/Local/Temp/.arduinoIDE-unsaved2021211-7092-1oxrxdk.4089/sketch_mar11a/sketch_mar11a.ino):
2021/03/11 20:30:40 [91mIDE <-- LS     CL: NOTIFICATION textDocument/publishDiagnostics: [0m
2021/03/11 20:30:40 CLG <-- textDocument/publishDiagnostics notif146 [93m read-unlocked[0m
2021/03/11 20:30:41 [92mIDE --> LS     CL: REQUEST textDocument/codeAction 9: [0m
2021/03/11 20:30:41 IDE --> textDocument/codeAction 9 [93m read-locked[0m
2021/03/11 20:30:41 --> codeAction(file:///c%3A/Users/vantr/AppData/Local/Temp/.arduinoIDE-unsaved2021211-7092-1oxrxdk.4089/sketch_mar11a/sketch_mar11a.ino:9:23)
2021/03/11 20:30:41     --> codeAction(file:///C:/Users/vantr/AppData/Local/Temp/arduino-language-server996753751/sketch/sketch_mar11a.ino.cpp:16:23)
2021/03/11 20:30:41 IDE --> textDocument/codeAction 9 sent to Clang
2021/03/11 20:30:41 [91mIDE     LS --> CL: REQUEST textDocument/codeAction 11: [0m
2021/03/11 20:30:41 [92mIDE     LS <-- CL: ANSWER textDocument/codeAction 11 (11): [0m
2021/03/11 20:30:41     <-- codeAction(1 elements)
2021/03/11 20:30:41         > CodeAction: Expand macro 'HIGH'
2021/03/11 20:30:41 <-- codeAction(1 elements)
2021/03/11 20:30:41 IDE --> textDocument/codeAction 9 [93m read-unlocked[0m
2021/03/11 20:30:41 [91mIDE <-- LS     CL: ANSWER UNBOUND (9): [0m
2021/03/11 20:30:41 [92mIDE --> LS     CL: NOTIFICATION textDocument/didSave: [0m
2021/03/11 20:30:41 IDE --> textDocument/didSave notif4 [93m read-locked[0m
2021/03/11 20:30:41 --> textDocument/didSave(file:///c%3A/Users/vantr/AppData/Local/Temp/.arduinoIDE-unsaved2021211-7092-1oxrxdk.4089/sketch_mar11a/sketch_mar11a.ino)
2021/03/11 20:30:41     --| didSave not forwarded to clangd
2021/03/11 20:30:41 IDE --> textDocument/didSave notif4 [93m read-unlocked[0m
2021/03/11 20:30:41 RBLD---[93m locked[0m
2021/03/11 20:30:41 [91mIDE <-- LS     CL: REQUEST window/workDoneProgress/create 1: [0m
2021/03/11 20:30:41     --> RE-initialize()
2021/03/11 20:30:41 [92mIDE --> LS     CL: ANSWER window/workDoneProgress/create 1 (1): [0m
2021/03/11 20:30:41 [91mIDE <-- LS     CL: NOTIFICATION $/progress: TOKEN=arduinoLanguageServerRebuild BEGIN Building sketch [0m
2021/03/11 20:30:41 running:  c:\Users\vantr\AppData\Local\Programs\Arduino IDE\resources\app\node_modules\arduino-ide-extension\build\arduino-cli.exe compile --fqbn esp8266:esp8266:nodemcuv2 --only-compilation-database --clean --source-override C:\Users\vantr\AppData\Local\Temp\269346209 --build-path C:\Users\vantr\AppData\Local\Temp\arduino-language-server996753751 --format json C:\Users\vantr\AppData\Local\Temp\.arduinoIDE-unsaved2021211-7092-1oxrxdk.4089\sketch_mar11a
2021/03/11 20:30:42 [91mIDE <-- LS     CL: NOTIFICATION $/progress: TOKEN=arduinoLanguageServerRebuild REPORT compiling. 0%[0m
2021/03/11 20:30:42 [91mIDE <-- LS     CL: NOTIFICATION $/progress: TOKEN=arduinoLanguageServerRebuild REPORT compiling.. 0%[0m
2021/03/11 20:30:42 [91mIDE <-- LS     CL: NOTIFICATION $/progress: TOKEN=arduinoLanguageServerRebuild REPORT compiling... 0%[0m
2021/03/11 20:30:43 arduino-cli output: {
  "compiler_out": "",
  "compiler_err": "",
  "builder_result": {
    "build_path": "C:\\Users\\vantr\\AppData\\Local\\Temp\\arduino-language-server996753751"
  },
  "success": true
}

2021/03/11 20:30:43 [91mIDE <-- LS     CL: NOTIFICATION $/progress: TOKEN=arduinoLanguageServerRebuild REPORT compiling. 0%[0m
2021/03/11 20:30:43 [91mIDE     LS --> CL: NOTIFICATION textDocument/didChange: [0m
2021/03/11 20:30:43 RBLD---[93m unlocked[0m
2021/03/11 20:30:43 [91mIDE <-- LS     CL: NOTIFICATION $/progress: TOKEN=arduinoLanguageServerRebuild END done[0m
2021/03/11 20:31:45 [92mIDE --> LS     CL: REQUEST textDocument/hover 10: [0m
2021/03/11 20:31:45 IDE --> textDocument/hover 10 [93m read-locked[0m
2021/03/11 20:31:45 --> hover(file:///c%3A/Users/vantr/AppData/Local/Temp/.arduinoIDE-unsaved2021211-7092-1oxrxdk.4089/sketch_mar11a/sketch_mar11a.ino:4:0)
2021/03/11 20:31:45     --> hover(file:///C:/Users/vantr/AppData/Local/Temp/arduino-language-server996753751/sketch/sketch_mar11a.ino.cpp:11:0)
2021/03/11 20:31:45 IDE --> textDocument/hover 10 sent to Clang
2021/03/11 20:31:45 [91mIDE     LS --> CL: REQUEST textDocument/hover 12: [0m
2021/03/11 20:31:45 [92mIDE     LS <-- CL: ANSWER textDocument/hover 12 (12): [0m
2021/03/11 20:31:45 IDE --> textDocument/hover 10 Queued resfreshing document symbols
2021/03/11 20:31:45 SYLD--- [93m read-locked[0m
2021/03/11 20:31:45 SYLD--- requesting documentSymbol for file:///C:/Users/vantr/AppData/Local/Temp/arduino-language-server996753751/sketch/sketch_mar11a.ino.cpp
2021/03/11 20:31:45 SYLD--- [93m read-unlocked[0m
2021/03/11 20:31:45 [91mIDE     LS --> CL: REQUEST textDocument/documentSymbol 13: [0m
2021/03/11 20:31:45 [92mIDE     LS <-- CL: ANSWER textDocument/documentSymbol 13 (13): [0m
2021/03/11 20:31:45 SYLD--- [93m read-locked[0m
2021/03/11 20:31:45 SYLD---    symbol: Function setup 3:0-3:12
2021/03/11 20:31:45 SYLD---             > void setup()
2021/03/11 20:31:45 SYLD---    symbol: Function loop 5:0-5:11
2021/03/11 20:31:45 SYLD---             > void loop()
2021/03/11 20:31:45 SYLD---    symbol: Function setup 7:0-10:1
2021/03/11 20:31:45 SYLD---      TRIMMED> void setup() 
2021/03/11 20:31:45 SYLD---    symbol: Function loop 12:0-18:1
2021/03/11 20:31:45 SYLD---      TRIMMED> void loop() 
2021/03/11 20:31:45 SYLD--- [93m read-unlocked[0m
2021/03/11 20:31:45 SYLD--- (done)
2021/03/11 20:31:45 IDE --> textDocument/hover 10 [93m read-unlocked[0m
2021/03/11 20:31:45 [91mIDE <-- LS     CL: ANSWER UNBOUND (10): [0m
2021/03/11 20:31:48 [92mIDE --> LS     CL: NOTIFICATION textDocument/didSave: [0m
2021/03/11 20:31:48 IDE --> textDocument/didSave notif5 [93m read-locked[0m
2021/03/11 20:31:48 --> textDocument/didSave(file:///c%3A/Users/vantr/AppData/Local/Temp/.arduinoIDE-unsaved2021211-7092-1oxrxdk.4089/sketch_mar11a/sketch_mar11a.ino)
2021/03/11 20:31:48     --| didSave not forwarded to clangd
2021/03/11 20:31:48 IDE --> textDocument/didSave notif5 [93m read-unlocked[0m
